[32m[     info][0m Compiler type: gcc
[32m[     info][0m Bad compiler: /tmp/deduplication/prebuild_compilers/gcc-4.3.0/bin/gcc
====================Ground truth & buggy output:====================
Correct output:
0
Output of gcc-4.3.0 with -O3:
-1
Output of gcc-4.3.0 with -O0:
0
====================================================================
[32m[     info][0m Good version found: gcc-4.2.0
[32m[     info][0m Start Bisection...
No local changes to save
Bisecting: a merge base must be tested
[b23987ec2f0f24c38c78f7cf63c91a699da681bd] tree.h (DECL_PTA_ARTIFICIAL): Remove.
running /tmp/deduplication/scripts/r_wrongcode_gcc.sh /tmp/deduplication/benchmarks/gcc430/tc1049 small
[32m[     info][0m Testing commit: [b23987e]
+---------------------------------------- Current commit hash: [b23987e] ----------------------------------------+
GCC for commit [b23987e] already exists. Using existing binary.
------------------Current output:-------------------
Ground truth:
0
Output of /tmp/gcc-b23987e/bin/gcc with -O3:
0
Output of /tmp/gcc-b23987e/bin/gcc with -O0:
0
----------------------------------------------------
No local changes to save
HEAD is now at b23987e... tree.h (DECL_PTA_ARTIFICIAL): Remove.
[32m[     info][0m Current commit [b23987e] is good. Return value: 0

Bisecting: 4487 revisions left to test after this (roughly 12 steps)
[b718216c5ad4bc0054646d701d3b4fa67d74c96b] df-scan.c (df_get_exit-block_use_set): Always add the stack pointer to the exit block use set.
running /tmp/deduplication/scripts/r_wrongcode_gcc.sh /tmp/deduplication/benchmarks/gcc430/tc1049 small
[32m[     info][0m Testing commit: [b718216]
+---------------------------------------- Current commit hash: [b718216] ----------------------------------------+
GCC for commit [b718216] already exists. Using existing binary.
------------------Current output:-------------------
Ground truth:
0
Output of /tmp/gcc-b718216/bin/gcc with -O3:
0
Output of /tmp/gcc-b718216/bin/gcc with -O0:
0
----------------------------------------------------
No local changes to save
HEAD is now at b718216... df-scan.c (df_get_exit-block_use_set): Always add the stack pointer to the exit block use set.
[32m[     info][0m Current commit [b718216] is good. Return value: 0

Bisecting: 2243 revisions left to test after this (roughly 11 steps)
[448d2cd2f73e2e16e2bdd5c407174afebf3ed845] re PR fortran/33198 (Derived type in common: Default initializer not rejected)
running /tmp/deduplication/scripts/r_wrongcode_gcc.sh /tmp/deduplication/benchmarks/gcc430/tc1049 small
[32m[     info][0m Testing commit: [448d2cd]
+---------------------------------------- Current commit hash: [448d2cd] ----------------------------------------+
GCC for commit [448d2cd] already exists. Using existing binary.
------------------Current output:-------------------
Ground truth:
0
Output of /tmp/gcc-448d2cd/bin/gcc with -O3:
0
Output of /tmp/gcc-448d2cd/bin/gcc with -O0:
0
----------------------------------------------------
No local changes to save
HEAD is now at 448d2cd... re PR fortran/33198 (Derived type in common: Default initializer not rejected)
[32m[     info][0m Current commit [448d2cd] is good. Return value: 0

Bisecting: 1121 revisions left to test after this (roughly 10 steps)
[502630f495cd78b97fd3788e049640210bce8ddb] dwarf2out.c (gen_array_type_die, [...]): For Fortran multi-dimensional arrays use DW_AT_ordering DW_ORD_col_major.
running /tmp/deduplication/scripts/r_wrongcode_gcc.sh /tmp/deduplication/benchmarks/gcc430/tc1049 small
[32m[     info][0m Testing commit: [502630f]
+---------------------------------------- Current commit hash: [502630f] ----------------------------------------+
GCC for commit [502630f] already exists. Using existing binary.
------------------Current output:-------------------
Ground truth:
0
Output of /tmp/gcc-502630f/bin/gcc with -O3:
-1
Output of /tmp/gcc-502630f/bin/gcc with -O0:
0
----------------------------------------------------
No local changes to save
HEAD is now at 502630f... dwarf2out.c (gen_array_type_die, [...]): For Fortran multi-dimensional arrays use DW_AT_ordering DW_ORD_col_major.
[32m[     info][0m Current commit [502630f] is bad. Return value: 1

Bisecting: 560 revisions left to test after this (roughly 9 steps)
[241b92c8c5fd4ef847b99284126de8e3349b926b] re PR libfortran/24685 (real(16) formatted input is broken for huge values (gfortran.dg/default_format_2.f90))
running /tmp/deduplication/scripts/r_wrongcode_gcc.sh /tmp/deduplication/benchmarks/gcc430/tc1049 small
[32m[     info][0m Testing commit: [241b92c]
+---------------------------------------- Current commit hash: [241b92c] ----------------------------------------+
GCC for commit [241b92c] already exists. Using existing binary.
------------------Current output:-------------------
Ground truth:
0
Output of /tmp/gcc-241b92c/bin/gcc with -O3:
0
Output of /tmp/gcc-241b92c/bin/gcc with -O0:
0
----------------------------------------------------
No local changes to save
HEAD is now at 241b92c... re PR libfortran/24685 (real(16) formatted input is broken for huge values (gfortran.dg/default_format_2.f90))
[32m[     info][0m Current commit [241b92c] is good. Return value: 0

Bisecting: 280 revisions left to test after this (roughly 8 steps)
[207e08e0b50051091070f6d1ecd0ca9065253079] C++STYLE: Fix typos.
running /tmp/deduplication/scripts/r_wrongcode_gcc.sh /tmp/deduplication/benchmarks/gcc430/tc1049 small
[32m[     info][0m Testing commit: [207e08e]
+---------------------------------------- Current commit hash: [207e08e] ----------------------------------------+
GCC for commit [207e08e] already exists. Using existing binary.
------------------Current output:-------------------
Ground truth:
0
Output of /tmp/gcc-207e08e/bin/gcc with -O3:
0
Output of /tmp/gcc-207e08e/bin/gcc with -O0:
0
----------------------------------------------------
No local changes to save
HEAD is now at 207e08e... C++STYLE: Fix typos.
[32m[     info][0m Current commit [207e08e] is good. Return value: 0

Bisecting: 140 revisions left to test after this (roughly 7 steps)
[89ab8ba092a961625a2b636d808db5af3f08f9cd] re PR c++/34275 (Broken diagnostic: 'obj_type_ref' not supported by dump_expr)
running /tmp/deduplication/scripts/r_wrongcode_gcc.sh /tmp/deduplication/benchmarks/gcc430/tc1049 small
[32m[     info][0m Testing commit: [89ab8ba]
+---------------------------------------- Current commit hash: [89ab8ba] ----------------------------------------+
GCC for commit [89ab8ba] already exists. Using existing binary.
------------------Current output:-------------------
Ground truth:
0
Output of /tmp/gcc-89ab8ba/bin/gcc with -O3:
0
Output of /tmp/gcc-89ab8ba/bin/gcc with -O0:
0
----------------------------------------------------
No local changes to save
HEAD is now at 89ab8ba... re PR c++/34275 (Broken diagnostic: 'obj_type_ref' not supported by dump_expr)
[32m[     info][0m Current commit [89ab8ba] is good. Return value: 0

Bisecting: 70 revisions left to test after this (roughly 6 steps)
[bce623434fce35c3d515224b70e08d03fabce691] hashtable_policy.h (_Prime_rehash_policy:: _S_n_primes): Add.
running /tmp/deduplication/scripts/r_wrongcode_gcc.sh /tmp/deduplication/benchmarks/gcc430/tc1049 small
[32m[     info][0m Testing commit: [bce6234]
+---------------------------------------- Current commit hash: [bce6234] ----------------------------------------+
GCC for commit [bce6234] already exists. Using existing binary.
------------------Current output:-------------------
Ground truth:
0
Output of /tmp/gcc-bce6234/bin/gcc with -O3:
0
Output of /tmp/gcc-bce6234/bin/gcc with -O0:
0
----------------------------------------------------
No local changes to save
HEAD is now at bce6234... hashtable_policy.h (_Prime_rehash_policy:: _S_n_primes): Add.
[32m[     info][0m Current commit [bce6234] is good. Return value: 0

Bisecting: 35 revisions left to test after this (roughly 5 steps)
[ebe0660b89b13040e1b3507352a8b131133a2173] decl.c (gnat_to_gnu_entity): When computing the designated full view...
running /tmp/deduplication/scripts/r_wrongcode_gcc.sh /tmp/deduplication/benchmarks/gcc430/tc1049 small
[32m[     info][0m Testing commit: [ebe0660]
+---------------------------------------- Current commit hash: [ebe0660] ----------------------------------------+
GCC for commit [ebe0660] already exists. Using existing binary.
------------------Current output:-------------------
Ground truth:
0
Output of /tmp/gcc-ebe0660/bin/gcc with -O3:
0
Output of /tmp/gcc-ebe0660/bin/gcc with -O0:
0
----------------------------------------------------
No local changes to save
HEAD is now at ebe0660... decl.c (gnat_to_gnu_entity): When computing the designated full view...
[32m[     info][0m Current commit [ebe0660] is good. Return value: 0

Bisecting: 17 revisions left to test after this (roughly 4 steps)
[4d19dfcf675fcdcb5bd690ef3f67c8daf0f019df] Daily bump.
running /tmp/deduplication/scripts/r_wrongcode_gcc.sh /tmp/deduplication/benchmarks/gcc430/tc1049 small
[32m[     info][0m Testing commit: [4d19dfc]
+---------------------------------------- Current commit hash: [4d19dfc] ----------------------------------------+
GCC for commit [4d19dfc] already exists. Using existing binary.
------------------Current output:-------------------
Ground truth:
0
Output of /tmp/gcc-4d19dfc/bin/gcc with -O3:
0
Output of /tmp/gcc-4d19dfc/bin/gcc with -O0:
0
----------------------------------------------------
No local changes to save
HEAD is now at 4d19dfc... Daily bump.
[32m[     info][0m Current commit [4d19dfc] is good. Return value: 0

Bisecting: 8 revisions left to test after this (roughly 3 steps)
[23372b3faa69cba81f23504e56a56c9bbdb48166] re PR c++/34178 (Compilation using -frepo fails)
running /tmp/deduplication/scripts/r_wrongcode_gcc.sh /tmp/deduplication/benchmarks/gcc430/tc1049 small
[32m[     info][0m Testing commit: [23372b3]
+---------------------------------------- Current commit hash: [23372b3] ----------------------------------------+
GCC for commit [23372b3] already exists. Using existing binary.
------------------Current output:-------------------
Ground truth:
0
Output of /tmp/gcc-23372b3/bin/gcc with -O3:
0
Output of /tmp/gcc-23372b3/bin/gcc with -O0:
0
----------------------------------------------------
No local changes to save
HEAD is now at 23372b3... re PR c++/34178 (Compilation using -frepo fails)
[32m[     info][0m Current commit [23372b3] is good. Return value: 0

Bisecting: 4 revisions left to test after this (roughly 2 steps)
[7fb446a36d03d6a772a7606c864259c0dbb55507] reload.c (find_reloads_address_1): To properly mark as an autoincdec...
running /tmp/deduplication/scripts/r_wrongcode_gcc.sh /tmp/deduplication/benchmarks/gcc430/tc1049 small
[32m[     info][0m Testing commit: [7fb446a]
+---------------------------------------- Current commit hash: [7fb446a] ----------------------------------------+
GCC for commit [7fb446a] already exists. Using existing binary.
------------------Current output:-------------------
Ground truth:
0
Output of /tmp/gcc-7fb446a/bin/gcc with -O3:
0
Output of /tmp/gcc-7fb446a/bin/gcc with -O0:
0
----------------------------------------------------
No local changes to save
HEAD is now at 7fb446a... reload.c (find_reloads_address_1): To properly mark as an autoincdec...
[32m[     info][0m Current commit [7fb446a] is good. Return value: 0

Bisecting: 2 revisions left to test after this (roughly 1 step)
[ec382b8ca30c83a52b2c1a0d413e334d657cdb23] i386.c (ix86_function_regparm): Ditto.
running /tmp/deduplication/scripts/r_wrongcode_gcc.sh /tmp/deduplication/benchmarks/gcc430/tc1049 small
[32m[     info][0m Testing commit: [ec382b8]
+---------------------------------------- Current commit hash: [ec382b8] ----------------------------------------+
GCC for commit [ec382b8] already exists. Using existing binary.
------------------Current output:-------------------
Ground truth:
0
Output of /tmp/gcc-ec382b8/bin/gcc with -O3:
0
Output of /tmp/gcc-ec382b8/bin/gcc with -O0:
0
----------------------------------------------------
No local changes to save
HEAD is now at ec382b8... i386.c (ix86_function_regparm): Ditto.
[32m[     info][0m Current commit [ec382b8] is good. Return value: 0

Bisecting: 0 revisions left to test after this (roughly 1 step)
[7dc4605144fe5d8dbf6ad7d2610b6300287bd86a] * ChangeLog: Fix my last ChangeLog entry.
running /tmp/deduplication/scripts/r_wrongcode_gcc.sh /tmp/deduplication/benchmarks/gcc430/tc1049 small
[32m[     info][0m Testing commit: [7dc4605]
+---------------------------------------- Current commit hash: [7dc4605] ----------------------------------------+
GCC for commit [7dc4605] already exists. Using existing binary.
------------------Current output:-------------------
Ground truth:
0
Output of /tmp/gcc-7dc4605/bin/gcc with -O3:
-1
Output of /tmp/gcc-7dc4605/bin/gcc with -O0:
0
----------------------------------------------------
No local changes to save
HEAD is now at 7dc4605... * ChangeLog: Fix my last ChangeLog entry.
[32m[     info][0m Current commit [7dc4605] is bad. Return value: 1

Bisecting: 0 revisions left to test after this (roughly 0 steps)
[32070c7bf2f849e7e03e14d68dc8566c967f4ea3] re PR target/32086 (10% to 20% Performance Regression Between 4.1.3 and 4.3)
running /tmp/deduplication/scripts/r_wrongcode_gcc.sh /tmp/deduplication/benchmarks/gcc430/tc1049 small
[32m[     info][0m Testing commit: [32070c7]
+---------------------------------------- Current commit hash: [32070c7] ----------------------------------------+
GCC for commit [32070c7] already exists. Using existing binary.
------------------Current output:-------------------
Ground truth:
0
Output of /tmp/gcc-32070c7/bin/gcc with -O3:
-1
Output of /tmp/gcc-32070c7/bin/gcc with -O0:
0
----------------------------------------------------
No local changes to save
HEAD is now at 32070c7... re PR target/32086 (10% to 20% Performance Regression Between 4.1.3 and 4.3)
[32m[     info][0m Current commit [32070c7] is bad. Return value: 1

32070c7bf2f849e7e03e14d68dc8566c967f4ea3 is the first bad commit
commit 32070c7bf2f849e7e03e14d68dc8566c967f4ea3
Author: Paolo Bonzini <bonzini@gnu.org>
Date:   Mon Dec 10 08:34:37 2007 +0000

    re PR target/32086 (10% to 20% Performance Regression Between 4.1.3 and 4.3)
    
    2007-12-10  Paolo Bonzini  <bonzini@gnu.org>
    
    	PR target/32086
    	* config/i386/i386.c (override_options): Enable -fvect-cost-model.
    
    2007-12-10  Paolo Bonzini  <bonzini@gnu.org>
    
    	PR target/32086
    	* gcc.dg/vect/vect.exp (DEFAULT_VECTCFLAGS): Disable cost model.
    	* g++.dg/vect/vect.exp (DEFAULT_VECTCFLAGS): Disable cost model.
    	* gfortran.dg/vect/vect.exp (DEFAULT_VECTCFLAGS): Disable cost model.
    
    From-SVN: r130738

:040000 040000 5c2ebe580db88715724557a01c8e6d0cf6174987 a6832489fd7444f921219080bf476eb0e8348ecd M	gcc
bisect run success
[32m[     info][0m First bad commit: 32070c7 re PR target/32086 (10% to 20% Performance Regression Between 4.1.3 and 4.3)
Previous HEAD position was 32070c7... re PR target/32086 (10% to 20% Performance Regression Between 4.1.3 and 4.3)
HEAD is now at 6208170... re PR c++/33493 (Broken diagnostic: 'dl_expr' not supported by dump_expr)

[32m[     info][0m Checking the result...
=========================================================================================================================
[32m[     info][0m Testing commit: [32070c7]
+---------------------------------------- Current commit hash: [32070c7] ----------------------------------------+
GCC for commit [32070c7] already exists. Using existing binary.
------------------Current output:-------------------
Ground truth:
0
Output of /tmp/gcc-32070c7/bin/gcc with -O3:
-1
Output of /tmp/gcc-32070c7/bin/gcc with -O0:
0
----------------------------------------------------
No local changes to save
HEAD is now at 32070c7... re PR target/32086 (10% to 20% Performance Regression Between 4.1.3 and 4.3)
[32m[     info][0m Current commit [32070c7] is bad. Return value: 1

[32m[     info][0m Testing commit: [ec382b8]
+---------------------------------------- Current commit hash: [ec382b8] ----------------------------------------+
GCC for commit [ec382b8] already exists. Using existing binary.
------------------Current output:-------------------
Ground truth:
0
Output of /tmp/gcc-ec382b8/bin/gcc with -O3:
0
Output of /tmp/gcc-ec382b8/bin/gcc with -O0:
0
----------------------------------------------------
No local changes to save
HEAD is now at ec382b8... i386.c (ix86_function_regparm): Ditto.
[32m[     info][0m Current commit [ec382b8] is good. Return value: 0

[32m[     info][0m Bisection result is correct.
=========================================================================================================================

[32m[     info][0m Getting extra information...
=========================================================================================================================
Output of gcc [32070c7] with -O0:
0
Output of gcc [32070c7] with -O1:
0
Output of gcc [32070c7] with -O2:
-1
Output of gcc [32070c7] with -O3:
-1
Output of gcc [32070c7] with -Os:
0
[32m[     info][0m Got extra information.
=========================================================================================================================
[32m[     info][0m Bisection done.
