[32m[     info][0m Compiler type: gcc
[32m[     info][0m Bad compiler: /tmp/deduplication/prebuild_compilers/gcc-4.3.0/bin/gcc
====================Ground truth & buggy output:====================
Correct output:
1
Output of gcc-4.3.0 with -Os:
-1077433343
Output of gcc-4.3.0 with -O3:
1
====================================================================
[32m[     info][0m Good version found: gcc-4.2.0
[32m[     info][0m Start Bisection...
No local changes to save
Bisecting: a merge base must be tested
[b23987ec2f0f24c38c78f7cf63c91a699da681bd] tree.h (DECL_PTA_ARTIFICIAL): Remove.
running /tmp/deduplication/scripts/r_wrongcode_gcc.sh /tmp/deduplication/benchmarks/gcc430/tc0480 small
[32m[     info][0m Testing commit: [b23987e]
+---------------------------------------- Current commit hash: [b23987e] ----------------------------------------+
GCC for commit [b23987e] already exists. Using existing binary.
------------------Current output:-------------------
Ground truth:
1
Output of /tmp/gcc-b23987e/bin/gcc with -Os:
1
Output of /tmp/gcc-b23987e/bin/gcc with -O3:
1
----------------------------------------------------
No local changes to save
HEAD is now at b23987e... tree.h (DECL_PTA_ARTIFICIAL): Remove.
[32m[     info][0m Current commit [b23987e] is good. Return value: 0

Bisecting: 4487 revisions left to test after this (roughly 12 steps)
[b718216c5ad4bc0054646d701d3b4fa67d74c96b] df-scan.c (df_get_exit-block_use_set): Always add the stack pointer to the exit block use set.
running /tmp/deduplication/scripts/r_wrongcode_gcc.sh /tmp/deduplication/benchmarks/gcc430/tc0480 small
[32m[     info][0m Testing commit: [b718216]
+---------------------------------------- Current commit hash: [b718216] ----------------------------------------+
GCC for commit [b718216] already exists. Using existing binary.
------------------Current output:-------------------
Ground truth:
1
Output of /tmp/gcc-b718216/bin/gcc with -Os:
1
Output of /tmp/gcc-b718216/bin/gcc with -O3:
1
----------------------------------------------------
No local changes to save
HEAD is now at b718216... df-scan.c (df_get_exit-block_use_set): Always add the stack pointer to the exit block use set.
[32m[     info][0m Current commit [b718216] is good. Return value: 0

Bisecting: 2243 revisions left to test after this (roughly 11 steps)
[448d2cd2f73e2e16e2bdd5c407174afebf3ed845] re PR fortran/33198 (Derived type in common: Default initializer not rejected)
running /tmp/deduplication/scripts/r_wrongcode_gcc.sh /tmp/deduplication/benchmarks/gcc430/tc0480 small
[32m[     info][0m Testing commit: [448d2cd]
+---------------------------------------- Current commit hash: [448d2cd] ----------------------------------------+
GCC for commit [448d2cd] already exists. Using existing binary.
------------------Current output:-------------------
Ground truth:
1
Output of /tmp/gcc-448d2cd/bin/gcc with -Os:
121302529
Output of /tmp/gcc-448d2cd/bin/gcc with -O3:
1
----------------------------------------------------
No local changes to save
HEAD is now at 448d2cd... re PR fortran/33198 (Derived type in common: Default initializer not rejected)
[32m[     info][0m Current commit [448d2cd] is bad. Return value: 1

Bisecting: 1121 revisions left to test after this (roughly 10 steps)
[6812b99bfefb741cadac6c5eba5a7446af820b62] impunit.adb: Re-organize System.Random_Numbers and GNAT.Random_Numbers and add to builds.
running /tmp/deduplication/scripts/r_wrongcode_gcc.sh /tmp/deduplication/benchmarks/gcc430/tc0480 small
[32m[     info][0m Testing commit: [6812b99]
+---------------------------------------- Current commit hash: [6812b99] ----------------------------------------+
GCC for commit [6812b99] already exists. Using existing binary.
------------------Current output:-------------------
Ground truth:
1
Output of /tmp/gcc-6812b99/bin/gcc with -Os:
1
Output of /tmp/gcc-6812b99/bin/gcc with -O3:
1
----------------------------------------------------
No local changes to save
HEAD is now at 6812b99... impunit.adb: Re-organize System.Random_Numbers and GNAT.Random_Numbers and add to builds.
[32m[     info][0m Current commit [6812b99] is good. Return value: 0

Bisecting: 560 revisions left to test after this (roughly 9 steps)
[bc211e05e3379205a808c2f2fa050ba6cc03cf22] darwin.c (machopic_indirect_data_reference): Avoid invalid sharing.
running /tmp/deduplication/scripts/r_wrongcode_gcc.sh /tmp/deduplication/benchmarks/gcc430/tc0480 small
[32m[     info][0m Testing commit: [bc211e0]
+---------------------------------------- Current commit hash: [bc211e0] ----------------------------------------+
GCC for commit [bc211e0] already exists. Using existing binary.
------------------Current output:-------------------
Ground truth:
1
Output of /tmp/gcc-bc211e0/bin/gcc with -Os:
1
Output of /tmp/gcc-bc211e0/bin/gcc with -O3:
1
----------------------------------------------------
No local changes to save
HEAD is now at bc211e0... darwin.c (machopic_indirect_data_reference): Avoid invalid sharing.
[32m[     info][0m Current commit [bc211e0] is good. Return value: 0

Bisecting: 280 revisions left to test after this (roughly 8 steps)
[0e01499666a5032861459cd9fd07bdb8df149637] tree-cfg.c (is_ctrl_altering_stmt, [...]): Don't use const_get_call_expr_in.
running /tmp/deduplication/scripts/r_wrongcode_gcc.sh /tmp/deduplication/benchmarks/gcc430/tc0480 small
[32m[     info][0m Testing commit: [0e01499]
+---------------------------------------- Current commit hash: [0e01499] ----------------------------------------+
GCC for commit [0e01499] already exists. Using existing binary.
------------------Current output:-------------------
Ground truth:
1
Output of /tmp/gcc-0e01499/bin/gcc with -Os:
1
Output of /tmp/gcc-0e01499/bin/gcc with -O3:
1
----------------------------------------------------
No local changes to save
HEAD is now at 0e01499... tree-cfg.c (is_ctrl_altering_stmt, [...]): Don't use const_get_call_expr_in.
[32m[     info][0m Current commit [0e01499] is good. Return value: 0

Bisecting: 140 revisions left to test after this (roughly 7 steps)
[808d6eaa019dd81d95656e2e05bdf34e17c63484] re PR c/32295 (An invalid c code causes an ICE in create_tmp_var, at gimplify.c:489)
running /tmp/deduplication/scripts/r_wrongcode_gcc.sh /tmp/deduplication/benchmarks/gcc430/tc0480 small
[32m[     info][0m Testing commit: [808d6ea]
+---------------------------------------- Current commit hash: [808d6ea] ----------------------------------------+
GCC for commit [808d6ea] already exists. Using existing binary.
------------------Current output:-------------------
Ground truth:
1
Output of /tmp/gcc-808d6ea/bin/gcc with -Os:
182875393
Output of /tmp/gcc-808d6ea/bin/gcc with -O3:
1
----------------------------------------------------
No local changes to save
HEAD is now at 808d6ea... re PR c/32295 (An invalid c code causes an ICE in create_tmp_var, at gimplify.c:489)
[32m[     info][0m Current commit [808d6ea] is bad. Return value: 1

Bisecting: 69 revisions left to test after this (roughly 6 steps)
[fca8ed94a2c35b23fb2e98f99a41f294086d9501] target-supports.exp (check_effective_target_fixed_point): New to check if targets have fixed-point supports.
running /tmp/deduplication/scripts/r_wrongcode_gcc.sh /tmp/deduplication/benchmarks/gcc430/tc0480 small
[32m[     info][0m Testing commit: [fca8ed9]
+---------------------------------------- Current commit hash: [fca8ed9] ----------------------------------------+
GCC for commit [fca8ed9] already exists. Using existing binary.
------------------Current output:-------------------
Ground truth:
1
Output of /tmp/gcc-fca8ed9/bin/gcc with -Os:
1
Output of /tmp/gcc-fca8ed9/bin/gcc with -O3:
1
----------------------------------------------------
No local changes to save
HEAD is now at fca8ed9... target-supports.exp (check_effective_target_fixed_point): New to check if targets have fixed-point supports.
[32m[     info][0m Current commit [fca8ed9] is good. Return value: 0

Bisecting: 34 revisions left to test after this (roughly 5 steps)
[e5901cad3f42b69cbe7312db7c9afd3d5908bcef] fold-const.c (fold_binary): Fold BIT_AND_EXPR's with a pointer operand.
running /tmp/deduplication/scripts/r_wrongcode_gcc.sh /tmp/deduplication/benchmarks/gcc430/tc0480 small
[32m[     info][0m Testing commit: [e5901ca]
+---------------------------------------- Current commit hash: [e5901ca] ----------------------------------------+
GCC for commit [e5901ca] already exists. Using existing binary.
------------------Current output:-------------------
Ground truth:
1
Output of /tmp/gcc-e5901ca/bin/gcc with -Os:
-1893394431
Output of /tmp/gcc-e5901ca/bin/gcc with -O3:
1
----------------------------------------------------
No local changes to save
HEAD is now at e5901ca... fold-const.c (fold_binary): Fold BIT_AND_EXPR's with a pointer operand.
[32m[     info][0m Current commit [e5901ca] is bad. Return value: 1

Bisecting: 17 revisions left to test after this (roughly 4 steps)
[a7f6bc8c748862257b9b6e22034fd4ae0ffd4c38] re PR c++/19407 (vector keyword in typedef inside template struct ignored)
running /tmp/deduplication/scripts/r_wrongcode_gcc.sh /tmp/deduplication/benchmarks/gcc430/tc0480 small
[32m[     info][0m Testing commit: [a7f6bc8]
+---------------------------------------- Current commit hash: [a7f6bc8] ----------------------------------------+
GCC for commit [a7f6bc8] already exists. Using existing binary.
------------------Current output:-------------------
Ground truth:
1
Output of /tmp/gcc-a7f6bc8/bin/gcc with -Os:
1
Output of /tmp/gcc-a7f6bc8/bin/gcc with -O3:
1
----------------------------------------------------
No local changes to save
HEAD is now at a7f6bc8... re PR c++/19407 (vector keyword in typedef inside template struct ignored)
[32m[     info][0m Current commit [a7f6bc8] is good. Return value: 0

Bisecting: 8 revisions left to test after this (roughly 3 steps)
[4637cb92287f1097aeac7f881e9b6149839b18e9] alpha.md (movti): Use operand_subword for the split.
running /tmp/deduplication/scripts/r_wrongcode_gcc.sh /tmp/deduplication/benchmarks/gcc430/tc0480 small
[32m[     info][0m Testing commit: [4637cb9]
+---------------------------------------- Current commit hash: [4637cb9] ----------------------------------------+
GCC for commit [4637cb9] already exists. Using existing binary.
------------------Current output:-------------------
Ground truth:
1
Output of /tmp/gcc-4637cb9/bin/gcc with -Os:
1
Output of /tmp/gcc-4637cb9/bin/gcc with -O3:
1
----------------------------------------------------
No local changes to save
HEAD is now at 4637cb9... alpha.md (movti): Use operand_subword for the split.
[32m[     info][0m Current commit [4637cb9] is good. Return value: 0

Bisecting: 4 revisions left to test after this (roughly 2 steps)
[208996c7d704f5f6f8454bf44d90377097ed8837] function.c (assign_parm_setup_block): Explicitly convert BLKmode parameters from word_mode to the subword type if...
running /tmp/deduplication/scripts/r_wrongcode_gcc.sh /tmp/deduplication/benchmarks/gcc430/tc0480 small
[32m[     info][0m Testing commit: [208996c]
+---------------------------------------- Current commit hash: [208996c] ----------------------------------------+
GCC for commit [208996c] already exists. Using existing binary.
------------------Current output:-------------------
Ground truth:
1
Output of /tmp/gcc-208996c/bin/gcc with -Os:
903732481
Output of /tmp/gcc-208996c/bin/gcc with -O3:
1
----------------------------------------------------
No local changes to save
HEAD is now at 208996c... function.c (assign_parm_setup_block): Explicitly convert BLKmode parameters from word_mode to the subword type if...
[32m[     info][0m Current commit [208996c] is bad. Return value: 1

Bisecting: 1 revision left to test after this (roughly 1 step)
[f28797595611bc8c886a54648aac4c93b39f8aed] params.def (INLINE_CALL_COST): Set to 12.
running /tmp/deduplication/scripts/r_wrongcode_gcc.sh /tmp/deduplication/benchmarks/gcc430/tc0480 small
[32m[     info][0m Testing commit: [f287975]
+---------------------------------------- Current commit hash: [f287975] ----------------------------------------+
GCC for commit [f287975] already exists. Using existing binary.
------------------Current output:-------------------
Ground truth:
1
Output of /tmp/gcc-f287975/bin/gcc with -Os:
2067828737
Output of /tmp/gcc-f287975/bin/gcc with -O3:
1
----------------------------------------------------
No local changes to save
HEAD is now at f287975... params.def (INLINE_CALL_COST): Set to 12.
[32m[     info][0m Current commit [f287975] is bad. Return value: 1

Bisecting: 0 revisions left to test after this (roughly 0 steps)
[823dd937db20d8f3d8c5bdf42e1d97dbefd3acae] re PR c++/16370 (__attribute__((deprecated)) not useful on classes, and ugly function name listed for deperecation warnings on constructor)
running /tmp/deduplication/scripts/r_wrongcode_gcc.sh /tmp/deduplication/benchmarks/gcc430/tc0480 small
[32m[     info][0m Testing commit: [823dd93]
+---------------------------------------- Current commit hash: [823dd93] ----------------------------------------+
GCC for commit [823dd93] already exists. Using existing binary.
------------------Current output:-------------------
Ground truth:
1
Output of /tmp/gcc-823dd93/bin/gcc with -Os:
1
Output of /tmp/gcc-823dd93/bin/gcc with -O3:
1
----------------------------------------------------
No local changes to save
HEAD is now at 823dd93... re PR c++/16370 (__attribute__((deprecated)) not useful on classes, and ugly function name listed for deperecation warnings on constructor)
[32m[     info][0m Current commit [823dd93] is good. Return value: 0

f28797595611bc8c886a54648aac4c93b39f8aed is the first bad commit
commit f28797595611bc8c886a54648aac4c93b39f8aed
Author: Jan Hubicka <jh@suse.cz>
Date:   Sun Sep 23 17:42:06 2007 +0200

    params.def (INLINE_CALL_COST): Set to 12.
    
    
    	* params.def (INLINE_CALL_COST): Set to 12.
    	* invoke.texi (inline-call-cost): Update default value.
    
    From-SVN: r128692

:040000 040000 2132dc2aad5ae303207857b599efabd357a5823d 2e8bd9bdd8dfb3d02b54f85ce495a8896cbc4b0c M	gcc
bisect run success
[32m[     info][0m First bad commit: f287975 params.def (INLINE_CALL_COST): Set to 12.
HEAD is now at 823dd93... re PR c++/16370 (__attribute__((deprecated)) not useful on classes, and ugly function name listed for deperecation warnings on constructor)

[32m[     info][0m Checking the result...
=========================================================================================================================
[32m[     info][0m Testing commit: [f287975]
+---------------------------------------- Current commit hash: [f287975] ----------------------------------------+
GCC for commit [f287975] already exists. Using existing binary.
------------------Current output:-------------------
Ground truth:
1
Output of /tmp/gcc-f287975/bin/gcc with -Os:
285865473
Output of /tmp/gcc-f287975/bin/gcc with -O3:
1
----------------------------------------------------
No local changes to save
HEAD is now at f287975... params.def (INLINE_CALL_COST): Set to 12.
[32m[     info][0m Current commit [f287975] is bad. Return value: 1

[32m[     info][0m Testing commit: [823dd93]
+---------------------------------------- Current commit hash: [823dd93] ----------------------------------------+
GCC for commit [823dd93] already exists. Using existing binary.
------------------Current output:-------------------
Ground truth:
1
Output of /tmp/gcc-823dd93/bin/gcc with -Os:
1
Output of /tmp/gcc-823dd93/bin/gcc with -O3:
1
----------------------------------------------------
No local changes to save
HEAD is now at 823dd93... re PR c++/16370 (__attribute__((deprecated)) not useful on classes, and ugly function name listed for deperecation warnings on constructor)
[32m[     info][0m Current commit [823dd93] is good. Return value: 0

[32m[     info][0m Bisection result is correct.
=========================================================================================================================

[32m[     info][0m Getting extra information...
=========================================================================================================================
Output of gcc [f287975] with -O0:
1
Output of gcc [f287975] with -O1:
1
Output of gcc [f287975] with -O2:
1
Output of gcc [f287975] with -O3:
1
Output of gcc [f287975] with -Os:
-1504695039
[32m[     info][0m Got extra information.
=========================================================================================================================
[32m[     info][0m Bisection done.
