[32m[     info][0m Compiler type: llvm
[32m[     info][0m Bad compiler: /tmp/deduplication/prebuild_compilers/llvm-2.8.0/bin/clang
====================Ground truth & buggy output:====================
Correct output:
0
0
0
0
0
0
0
0
0
0
0
3
0
0
0
2
Output of llvm-2.8.0 with -O3:
0
0
0
0
0
0
0
0
0
0
0
3
0
0
0
3
Output of llvm-2.8.0 with -Os:
0
0
0
0
0
0
0
0
0
0
0
3
0
0
0
2
====================================================================
[32m[     info][0m Good version found: llvm-2.6.0
[32m[     info][0m Start Bisection...
Removing llvm/tools/clang/
No local changes to save
Bisecting: a merge base must be tested
[56d60eaa616498200d8090f45c2602e42e7c5385] revert r79708 + r79711
running /tmp/deduplication/scripts/r_wrongcode_llvm.sh /tmp/deduplication/benchmarks/llvm280/87 small
[32m[     info][0m Testing commit: [56d60ea]
+---------------------------------------- Current commit hash: [56d60ea] ----------------------------------------+
[32m[     info][0m LLVM with commit [56d60ea] already built. Use existing binary.
------------------Current output:-------------------
Ground truth:
0
0
0
0
0
0
0
0
0
0
0
3
0
0
0
2
Output of /tmp/llvm-56d60ea/bin/clang with -O3:
0
0
0
0
0
0
0
0
0
0
0
3
0
0
0
2
Output of /tmp/llvm-56d60ea/bin/clang with -Os:
0
0
0
0
0
0
0
0
0
0
0
3
0
0
0
2
----------------------------------------------------
[32m[     info][0m Current commit [56d60ea] is good. Return value: 0

Bisecting: 12261 revisions left to test after this (roughly 14 steps)
[56ec7895210b6b488d9915963927489085000278] fix two bugs in OPC_EmitRegister, which makes ppc happier.
running /tmp/deduplication/scripts/r_wrongcode_llvm.sh /tmp/deduplication/benchmarks/llvm280/87 small
[32m[     info][0m Testing commit: [56ec789]
+---------------------------------------- Current commit hash: [56ec789] ----------------------------------------+
[32m[     info][0m LLVM with commit [56ec789] already built. Use existing binary.
------------------Current output:-------------------
Ground truth:
0
0
0
0
0
0
0
0
0
0
0
3
0
0
0
2
Output of /tmp/llvm-56ec789/bin/clang with -O3:
0
0
0
0
0
0
0
0
0
0
0
3
0
0
0
3
Output of /tmp/llvm-56ec789/bin/clang with -Os:
0
0
0
0
0
0
0
0
0
0
0
3
0
0
0
2
----------------------------------------------------
[32m[     info][0m Current commit [56ec789] is bad. Return value: 1

Bisecting: 6130 revisions left to test after this (roughly 13 steps)
[1e3609f6c48d4908773478c7e7b99ec3026886eb] Do not enter forward class 'Protocol' in decl context. Will do it later. Fixes pr5552.
running /tmp/deduplication/scripts/r_wrongcode_llvm.sh /tmp/deduplication/benchmarks/llvm280/87 small
[32m[     info][0m Testing commit: [1e3609f]
+---------------------------------------- Current commit hash: [1e3609f] ----------------------------------------+
[32m[     info][0m LLVM with commit [1e3609f] already built. Use existing binary.
------------------Current output:-------------------
Ground truth:
0
0
0
0
0
0
0
0
0
0
0
3
0
0
0
2
Output of /tmp/llvm-1e3609f/bin/clang with -O3:
0
0
0
0
0
0
0
0
0
0
0
3
0
0
0
2
Output of /tmp/llvm-1e3609f/bin/clang with -Os:
0
0
0
0
0
0
0
0
0
0
0
3
0
0
0
2
----------------------------------------------------
[32m[     info][0m Current commit [1e3609f] is good. Return value: 0

Bisecting: 3065 revisions left to test after this (roughly 12 steps)
[32b79317a27600787442aa55a58608371d6beda6] More crashtracer enhancements to CIndex.  When "popping" a crashtracer string restore to the one most recently created.
running /tmp/deduplication/scripts/r_wrongcode_llvm.sh /tmp/deduplication/benchmarks/llvm280/87 small
[32m[     info][0m Testing commit: [32b7931]
+---------------------------------------- Current commit hash: [32b7931] ----------------------------------------+
[32m[     info][0m LLVM with commit [32b7931] already built. Use existing binary.
------------------Current output:-------------------
Ground truth:
0
0
0
0
0
0
0
0
0
0
0
3
0
0
0
2
Output of /tmp/llvm-32b7931/bin/clang with -O3:
0
0
0
0
0
0
0
0
0
0
0
3
0
0
0
3
Output of /tmp/llvm-32b7931/bin/clang with -Os:
0
0
0
0
0
0
0
0
0
0
0
3
0
0
0
2
----------------------------------------------------
[32m[     info][0m Current commit [32b7931] is bad. Return value: 1

Bisecting: 1532 revisions left to test after this (roughly 11 steps)
[84ba039cf22f214942d4139c70eb764c9307b6a4] Make getUniqueExitBlocks's precondition assert more precise, to avoid spurious failures. This fixes PR5758.
running /tmp/deduplication/scripts/r_wrongcode_llvm.sh /tmp/deduplication/benchmarks/llvm280/87 small
[32m[     info][0m Testing commit: [84ba039]
+---------------------------------------- Current commit hash: [84ba039] ----------------------------------------+
[32m[     info][0m LLVM with commit [84ba039] already built. Use existing binary.
------------------Current output:-------------------
Ground truth:
0
0
0
0
0
0
0
0
0
0
0
3
0
0
0
2
Output of /tmp/llvm-84ba039/bin/clang with -O3:
0
0
0
0
0
0
0
0
0
0
0
3
0
0
0
3
Output of /tmp/llvm-84ba039/bin/clang with -Os:
0
0
0
0
0
0
0
0
0
0
0
3
0
0
0
2
----------------------------------------------------
[32m[     info][0m Current commit [84ba039] is bad. Return value: 1

Bisecting: 765 revisions left to test after this (roughly 10 steps)
[1bd582330080d737667537eae7812d121e164d3a] Clean up BuiltinBug class.
running /tmp/deduplication/scripts/r_wrongcode_llvm.sh /tmp/deduplication/benchmarks/llvm280/87 small
[32m[     info][0m Testing commit: [1bd5823]
+---------------------------------------- Current commit hash: [1bd5823] ----------------------------------------+
[32m[     info][0m LLVM with commit [1bd5823] already built. Use existing binary.
------------------Current output:-------------------
Ground truth:
0
0
0
0
0
0
0
0
0
0
0
3
0
0
0
2
Output of /tmp/llvm-1bd5823/bin/clang with -O3:
0
0
0
0
0
0
0
0
0
0
0
3
0
0
0
3
Output of /tmp/llvm-1bd5823/bin/clang with -Os:
0
0
0
0
0
0
0
0
0
0
0
3
0
0
0
2
----------------------------------------------------
[32m[     info][0m Current commit [1bd5823] is bad. Return value: 1

Bisecting: 382 revisions left to test after this (roughly 9 steps)
[644577327904bd0b461c46051744779da95a80b0] It is common for vtables to contain pointers to functions that have either incomplete return types or incomplete argument types.
running /tmp/deduplication/scripts/r_wrongcode_llvm.sh /tmp/deduplication/benchmarks/llvm280/87 small
[32m[     info][0m Testing commit: [6445773]
+---------------------------------------- Current commit hash: [6445773] ----------------------------------------+
[32m[     info][0m LLVM with commit [6445773] already built. Use existing binary.
------------------Current output:-------------------
Ground truth:
0
0
0
0
0
0
0
0
0
0
0
3
0
0
0
2
Output of /tmp/llvm-6445773/bin/clang with -O3:
0
0
0
0
0
0
0
0
0
0
0
3
0
0
0
2
Output of /tmp/llvm-6445773/bin/clang with -Os:
0
0
0
0
0
0
0
0
0
0
0
3
0
0
0
2
----------------------------------------------------
[32m[     info][0m Current commit [6445773] is good. Return value: 0

Bisecting: 191 revisions left to test after this (roughly 8 steps)
[5030c6ab21fe0f8af3868865a2396c01c213904e] teach phi translation of GEPs to simplify geps like 'gep x, 0'. This allows us to compile the example from PR5313 into:
running /tmp/deduplication/scripts/r_wrongcode_llvm.sh /tmp/deduplication/benchmarks/llvm280/87 small
[32m[     info][0m Testing commit: [5030c6a]
+---------------------------------------- Current commit hash: [5030c6a] ----------------------------------------+
[32m[     info][0m LLVM with commit [5030c6a] already built. Use existing binary.
------------------Current output:-------------------
Ground truth:
0
0
0
0
0
0
0
0
0
0
0
3
0
0
0
2
Output of /tmp/llvm-5030c6a/bin/clang with -O3:
0
0
0
0
0
0
0
0
0
0
0
3
0
0
0
3
Output of /tmp/llvm-5030c6a/bin/clang with -Os:
0
0
0
0
0
0
0
0
0
0
0
3
0
0
0
2
----------------------------------------------------
[32m[     info][0m Current commit [5030c6a] is bad. Return value: 1

Bisecting: 95 revisions left to test after this (roughly 7 steps)
[120f729ecafcaaacbea610655cd80fdd92d78bd7] Based on the testcase for pr3120, running on my MacPro with Xeon processors, it is definitely profitable to tail duplicate indirect branches for x86. This is likely to be true to various degrees for all modern x86 processors.
running /tmp/deduplication/scripts/r_wrongcode_llvm.sh /tmp/deduplication/benchmarks/llvm280/87 small
[32m[     info][0m Testing commit: [120f729]
+---------------------------------------- Current commit hash: [120f729] ----------------------------------------+
[32m[     info][0m LLVM with commit [120f729] already built. Use existing binary.
------------------Current output:-------------------
Ground truth:
0
0
0
0
0
0
0
0
0
0
0
3
0
0
0
2
Output of /tmp/llvm-120f729/bin/clang with -O3:
0
0
0
0
0
0
0
0
0
0
0
3
0
0
0
2
Output of /tmp/llvm-120f729/bin/clang with -Os:
0
0
0
0
0
0
0
0
0
0
0
3
0
0
0
2
----------------------------------------------------
[32m[     info][0m Current commit [120f729] is good. Return value: 0

Bisecting: 47 revisions left to test after this (roughly 6 steps)
[3378b610ae09d897283eec2e3646e573f2fb600c] Add iterators to BlockDataRegion that allow clients to iterate over the VarRegions for "captured" variables for a block.
running /tmp/deduplication/scripts/r_wrongcode_llvm.sh /tmp/deduplication/benchmarks/llvm280/87 small
[32m[     info][0m Testing commit: [3378b61]
+---------------------------------------- Current commit hash: [3378b61] ----------------------------------------+
[32m[     info][0m LLVM with commit [3378b61] already built. Use existing binary.
------------------Current output:-------------------
Ground truth:
0
0
0
0
0
0
0
0
0
0
0
3
0
0
0
2
Output of /tmp/llvm-3378b61/bin/clang with -O3:
0
0
0
0
0
0
0
0
0
0
0
3
0
0
0
2
Output of /tmp/llvm-3378b61/bin/clang with -Os:
0
0
0
0
0
0
0
0
0
0
0
3
0
0
0
2
----------------------------------------------------
[32m[     info][0m Current commit [3378b61] is good. Return value: 0

Bisecting: 23 revisions left to test after this (roughly 5 steps)
[ba0014a44c4f277c51c022facd9d17ac82f251d5] update status of this.  basicaa is much improved now, only missing the one form (in this testcase).  Dan, do you consider this example to be important?
running /tmp/deduplication/scripts/r_wrongcode_llvm.sh /tmp/deduplication/benchmarks/llvm280/87 small
[32m[     info][0m Testing commit: [ba0014a]
+---------------------------------------- Current commit hash: [ba0014a] ----------------------------------------+
[32m[     info][0m LLVM with commit [ba0014a] already built. Use existing binary.
------------------Current output:-------------------
Ground truth:
0
0
0
0
0
0
0
0
0
0
0
3
0
0
0
2
Output of /tmp/llvm-ba0014a/bin/clang with -O3:
0
0
0
0
0
0
0
0
0
0
0
3
0
0
0
3
Output of /tmp/llvm-ba0014a/bin/clang with -Os:
0
0
0
0
0
0
0
0
0
0
0
3
0
0
0
2
----------------------------------------------------
[32m[     info][0m Current commit [ba0014a] is bad. Return value: 1

Bisecting: 11 revisions left to test after this (roughly 4 steps)
[e5d8dd808eeb61acb8cd27b56670c45105a0827c] Add test case that shows that dead stores checking now works in the presence of blocks.
running /tmp/deduplication/scripts/r_wrongcode_llvm.sh /tmp/deduplication/benchmarks/llvm280/87 small
[32m[     info][0m Testing commit: [e5d8dd8]
+---------------------------------------- Current commit hash: [e5d8dd8] ----------------------------------------+
[32m[     info][0m LLVM with commit [e5d8dd8] already built. Use existing binary.
------------------Current output:-------------------
Ground truth:
0
0
0
0
0
0
0
0
0
0
0
3
0
0
0
2
Output of /tmp/llvm-e5d8dd8/bin/clang with -O3:
0
0
0
0
0
0
0
0
0
0
0
3
0
0
0
2
Output of /tmp/llvm-e5d8dd8/bin/clang with -Os:
0
0
0
0
0
0
0
0
0
0
0
3
0
0
0
2
----------------------------------------------------
[32m[     info][0m Current commit [e5d8dd8] is good. Return value: 0

Bisecting: 5 revisions left to test after this (roughly 3 steps)
[334af999649fea770c9be7df9a2e5433938cec3b] Remove dead forward declaration. Fix struct/class mismatch. Remove trailing whitespace.
running /tmp/deduplication/scripts/r_wrongcode_llvm.sh /tmp/deduplication/benchmarks/llvm280/87 small
[32m[     info][0m Testing commit: [334af99]
+---------------------------------------- Current commit hash: [334af99] ----------------------------------------+
[32m[     info][0m LLVM with commit [334af99] already built. Use existing binary.
------------------Current output:-------------------
Ground truth:
0
0
0
0
0
0
0
0
0
0
0
3
0
0
0
2
Output of /tmp/llvm-334af99/bin/clang with -O3:
0
0
0
0
0
0
0
0
0
0
0
3
0
0
0
2
Output of /tmp/llvm-334af99/bin/clang with -Os:
0
0
0
0
0
0
0
0
0
0
0
3
0
0
0
2
----------------------------------------------------
[32m[     info][0m Current commit [334af99] is good. Return value: 0

Bisecting: 2 revisions left to test after this (roughly 2 steps)
[453751031ac1f9235fe6da0e6733d10db4cad96a] rename test
running /tmp/deduplication/scripts/r_wrongcode_llvm.sh /tmp/deduplication/benchmarks/llvm280/87 small
[32m[     info][0m Testing commit: [4537510]
+---------------------------------------- Current commit hash: [4537510] ----------------------------------------+
[32m[     info][0m LLVM with commit [4537510] already built. Use existing binary.
------------------Current output:-------------------
Ground truth:
0
0
0
0
0
0
0
0
0
0
0
3
0
0
0
2
Output of /tmp/llvm-4537510/bin/clang with -O3:
0
0
0
0
0
0
0
0
0
0
0
3
0
0
0
2
Output of /tmp/llvm-4537510/bin/clang with -Os:
0
0
0
0
0
0
0
0
0
0
0
3
0
0
0
2
----------------------------------------------------
[32m[     info][0m Current commit [4537510] is good. Return value: 0

Bisecting: 0 revisions left to test after this (roughly 1 step)
[29bc8a91d3e6d10c22ea2d19786464011c903c21] Teach basicaa that x|c == x+c when the c bits of x are clear.  This allows us to compile the example in readme.txt into:
running /tmp/deduplication/scripts/r_wrongcode_llvm.sh /tmp/deduplication/benchmarks/llvm280/87 small
[32m[     info][0m Testing commit: [29bc8a9]
+---------------------------------------- Current commit hash: [29bc8a9] ----------------------------------------+
[32m[     info][0m LLVM with commit [29bc8a9] already built. Use existing binary.
------------------Current output:-------------------
Ground truth:
0
0
0
0
0
0
0
0
0
0
0
3
0
0
0
2
Output of /tmp/llvm-29bc8a9/bin/clang with -O3:
0
0
0
0
0
0
0
0
0
0
0
3
0
0
0
3
Output of /tmp/llvm-29bc8a9/bin/clang with -Os:
0
0
0
0
0
0
0
0
0
0
0
3
0
0
0
2
----------------------------------------------------
[32m[     info][0m Current commit [29bc8a9] is bad. Return value: 1

Bisecting: 0 revisions left to test after this (roughly 0 steps)
[12dacdd3596293f3e689b66043e905ea35b848e2] teach basicaa that A[i] != A[i+1].
running /tmp/deduplication/scripts/r_wrongcode_llvm.sh /tmp/deduplication/benchmarks/llvm280/87 small
[32m[     info][0m Testing commit: [12dacdd]
+---------------------------------------- Current commit hash: [12dacdd] ----------------------------------------+
[32m[     info][0m LLVM with commit [12dacdd] already built. Use existing binary.
------------------Current output:-------------------
Ground truth:
0
0
0
0
0
0
0
0
0
0
0
3
0
0
0
2
Output of /tmp/llvm-12dacdd/bin/clang with -O3:
0
0
0
0
0
0
0
0
0
0
0
3
0
0
0
3
Output of /tmp/llvm-12dacdd/bin/clang with -Os:
0
0
0
0
0
0
0
0
0
0
0
3
0
0
0
2
----------------------------------------------------
[32m[     info][0m Current commit [12dacdd] is bad. Return value: 1

12dacdd3596293f3e689b66043e905ea35b848e2 is the first bad commit
commit 12dacdd3596293f3e689b66043e905ea35b848e2
Author: Chris Lattner <sabre@nondot.org>
Date:   Thu Nov 26 16:18:10 2009 +0000

    teach basicaa that A[i] != A[i+1].
    
    llvm-svn: 89951

:040000 040000 b5b226e70cbadced20fa7ef57b97d2ab8e59beb8 0338bfc3cfec9e27f68da330a34fafa7cd86a29a M	llvm
bisect run success
[32m[     info][0m First bad commit: 12dacdd teach basicaa that A[i] != A[i+1].
Previous HEAD position was 12dacdd... teach basicaa that A[i] != A[i+1].
HEAD is now at d7cabea... fix two transposed lines duncan caught and add an explanatory comment.

[32m[     info][0m Checking the result...
=========================================================================================================================
[32m[     info][0m Testing commit: [12dacdd]
+---------------------------------------- Current commit hash: [12dacdd] ----------------------------------------+
[32m[     info][0m LLVM with commit [12dacdd] already built. Use existing binary.
------------------Current output:-------------------
Ground truth:
0
0
0
0
0
0
0
0
0
0
0
3
0
0
0
2
Output of /tmp/llvm-12dacdd/bin/clang with -O3:
0
0
0
0
0
0
0
0
0
0
0
3
0
0
0
3
Output of /tmp/llvm-12dacdd/bin/clang with -Os:
0
0
0
0
0
0
0
0
0
0
0
3
0
0
0
2
----------------------------------------------------
[32m[     info][0m Current commit [12dacdd] is bad. Return value: 1

[32m[     info][0m Testing commit: [4537510]
+---------------------------------------- Current commit hash: [4537510] ----------------------------------------+
[32m[     info][0m LLVM with commit [4537510] already built. Use existing binary.
------------------Current output:-------------------
Ground truth:
0
0
0
0
0
0
0
0
0
0
0
3
0
0
0
2
Output of /tmp/llvm-4537510/bin/clang with -O3:
0
0
0
0
0
0
0
0
0
0
0
3
0
0
0
2
Output of /tmp/llvm-4537510/bin/clang with -Os:
0
0
0
0
0
0
0
0
0
0
0
3
0
0
0
2
----------------------------------------------------
[32m[     info][0m Current commit [4537510] is good. Return value: 0

[32m[     info][0m Bisection result is correct.
=========================================================================================================================

[32m[     info][0m Getting extra information...
=========================================================================================================================
Output of llvm [12dacdd] with -O0:
0
0
0
0
0
0
0
0
0
0
0
3
0
0
0
2
Output of llvm [12dacdd] with -O1:
0
0
0
0
0
0
0
0
0
0
0
3
0
0
0
2
Output of llvm [12dacdd] with -O2:
0
0
0
0
0
0
0
0
0
0
0
3
0
0
0
2
Output of llvm [12dacdd] with -O3:
0
0
0
0
0
0
0
0
0
0
0
3
0
0
0
3
Output of llvm [12dacdd] with -Os:
0
0
0
0
0
0
0
0
0
0
0
3
0
0
0
2
[32m[     info][0m Got extra information.
=========================================================================================================================
[32m[     info][0m Bisection done.
