[32m[     info][0m Compiler type: llvm
[32m[     info][0m Bad compiler: /tmp/deduplication/prebuild_compilers/llvm-2.8.0/bin/clang
====================Ground truth & buggy output:====================
Correct output:
0
9
9
9
9
0
0
0
9
9
9
9
9
0
0
0
9
9
0
9
9
0
0
0
9
9
9
9
9
0
0
0
9
9
9
9
0
0
0
0
Output of llvm-2.8.0 with -O3:
0
9
9
9
9
0
0
0
9
0
9
9
9
0
0
0
9
9
0
9
9
0
0
0
9
9
9
0
9
0
0
0
9
9
9
9
0
0
0
0
Output of llvm-2.8.0 with -Os:
0
9
9
9
9
0
0
0
9
9
9
9
9
0
0
0
9
9
0
9
9
0
0
0
9
9
9
9
9
0
0
0
9
9
9
9
0
0
0
0
====================================================================
[32m[     info][0m Good version found: llvm-2.6.0
[32m[     info][0m Start Bisection...
Removing llvm/tools/clang/
No local changes to save
Bisecting: a merge base must be tested
[56d60eaa616498200d8090f45c2602e42e7c5385] revert r79708 + r79711
running /tmp/deduplication/scripts/r_wrongcode_llvm.sh /tmp/deduplication/benchmarks/llvm280/90 small
[32m[     info][0m Testing commit: [56d60ea]
+---------------------------------------- Current commit hash: [56d60ea] ----------------------------------------+
[32m[     info][0m LLVM with commit [56d60ea] already built. Use existing binary.
------------------Current output:-------------------
Ground truth:
0
9
9
9
9
0
0
0
9
9
9
9
9
0
0
0
9
9
0
9
9
0
0
0
9
9
9
9
9
0
0
0
9
9
9
9
0
0
0
0
Output of /tmp/llvm-56d60ea/bin/clang with -O3:
0
9
9
9
9
0
0
0
9
9
9
9
9
0
0
0
9
9
0
9
9
0
0
0
9
9
9
9
9
0
0
0
9
9
9
9
0
0
0
0
Output of /tmp/llvm-56d60ea/bin/clang with -Os:
0
9
9
9
9
0
0
0
9
9
9
9
9
0
0
0
9
9
0
9
9
0
0
0
9
9
9
9
9
0
0
0
9
9
9
9
0
0
0
0
----------------------------------------------------
[32m[     info][0m Current commit [56d60ea] is good. Return value: 0

Bisecting: 12261 revisions left to test after this (roughly 14 steps)
[56ec7895210b6b488d9915963927489085000278] fix two bugs in OPC_EmitRegister, which makes ppc happier.
running /tmp/deduplication/scripts/r_wrongcode_llvm.sh /tmp/deduplication/benchmarks/llvm280/90 small
[32m[     info][0m Testing commit: [56ec789]
+---------------------------------------- Current commit hash: [56ec789] ----------------------------------------+
[32m[     info][0m LLVM with commit [56ec789] already built. Use existing binary.
------------------Current output:-------------------
Ground truth:
0
9
9
9
9
0
0
0
9
9
9
9
9
0
0
0
9
9
0
9
9
0
0
0
9
9
9
9
9
0
0
0
9
9
9
9
0
0
0
0
Output of /tmp/llvm-56ec789/bin/clang with -O3:
0
9
9
9
9
0
0
0
9
0
9
9
9
0
0
0
9
9
0
9
9
0
0
0
9
9
9
0
9
0
0
0
9
9
9
9
0
0
0
0
Output of /tmp/llvm-56ec789/bin/clang with -Os:
0
9
9
9
9
0
0
0
9
9
9
9
9
0
0
0
9
9
0
9
9
0
0
0
9
9
9
9
9
0
0
0
9
9
9
9
0
0
0
0
----------------------------------------------------
[32m[     info][0m Current commit [56ec789] is bad. Return value: 1

Bisecting: 6130 revisions left to test after this (roughly 13 steps)
[1e3609f6c48d4908773478c7e7b99ec3026886eb] Do not enter forward class 'Protocol' in decl context. Will do it later. Fixes pr5552.
running /tmp/deduplication/scripts/r_wrongcode_llvm.sh /tmp/deduplication/benchmarks/llvm280/90 small
[32m[     info][0m Testing commit: [1e3609f]
+---------------------------------------- Current commit hash: [1e3609f] ----------------------------------------+
[32m[     info][0m LLVM with commit [1e3609f] already built. Use existing binary.
------------------Current output:-------------------
Ground truth:
0
9
9
9
9
0
0
0
9
9
9
9
9
0
0
0
9
9
0
9
9
0
0
0
9
9
9
9
9
0
0
0
9
9
9
9
0
0
0
0
Output of /tmp/llvm-1e3609f/bin/clang with -O3:
0
9
9
9
9
0
0
0
9
9
9
9
9
0
0
0
9
9
0
9
9
0
0
0
9
9
9
9
9
0
0
0
9
9
9
9
0
0
0
0
Output of /tmp/llvm-1e3609f/bin/clang with -Os:
0
9
9
9
9
0
0
0
9
9
9
9
9
0
0
0
9
9
0
9
9
0
0
0
9
9
9
9
9
0
0
0
9
9
9
9
0
0
0
0
----------------------------------------------------
[32m[     info][0m Current commit [1e3609f] is good. Return value: 0

Bisecting: 3065 revisions left to test after this (roughly 12 steps)
[32b79317a27600787442aa55a58608371d6beda6] More crashtracer enhancements to CIndex.  When "popping" a crashtracer string restore to the one most recently created.
running /tmp/deduplication/scripts/r_wrongcode_llvm.sh /tmp/deduplication/benchmarks/llvm280/90 small
[32m[     info][0m Testing commit: [32b7931]
+---------------------------------------- Current commit hash: [32b7931] ----------------------------------------+
[32m[     info][0m LLVM with commit [32b7931] already built. Use existing binary.
------------------Current output:-------------------
Ground truth:
0
9
9
9
9
0
0
0
9
9
9
9
9
0
0
0
9
9
0
9
9
0
0
0
9
9
9
9
9
0
0
0
9
9
9
9
0
0
0
0
Output of /tmp/llvm-32b7931/bin/clang with -O3:
0
9
9
9
9
0
0
0
9
0
9
9
9
0
0
0
9
9
0
9
9
0
0
0
9
9
9
0
9
0
0
0
9
9
9
9
0
0
0
0
Output of /tmp/llvm-32b7931/bin/clang with -Os:
0
9
9
9
9
0
0
0
9
9
9
9
9
0
0
0
9
9
0
9
9
0
0
0
9
9
9
9
9
0
0
0
9
9
9
9
0
0
0
0
----------------------------------------------------
[32m[     info][0m Current commit [32b7931] is bad. Return value: 1

Bisecting: 1532 revisions left to test after this (roughly 11 steps)
[84ba039cf22f214942d4139c70eb764c9307b6a4] Make getUniqueExitBlocks's precondition assert more precise, to avoid spurious failures. This fixes PR5758.
running /tmp/deduplication/scripts/r_wrongcode_llvm.sh /tmp/deduplication/benchmarks/llvm280/90 small
[32m[     info][0m Testing commit: [84ba039]
+---------------------------------------- Current commit hash: [84ba039] ----------------------------------------+
[32m[     info][0m LLVM with commit [84ba039] already built. Use existing binary.
------------------Current output:-------------------
Ground truth:
0
9
9
9
9
0
0
0
9
9
9
9
9
0
0
0
9
9
0
9
9
0
0
0
9
9
9
9
9
0
0
0
9
9
9
9
0
0
0
0
Output of /tmp/llvm-84ba039/bin/clang with -O3:
0
9
9
9
9
0
0
0
9
0
9
9
9
0
0
0
9
9
0
9
9
0
0
0
9
9
9
0
9
0
0
0
9
9
9
9
0
0
0
0
Output of /tmp/llvm-84ba039/bin/clang with -Os:
0
9
9
9
9
0
0
0
9
9
9
9
9
0
0
0
9
9
0
9
9
0
0
0
9
9
9
9
9
0
0
0
9
9
9
9
0
0
0
0
----------------------------------------------------
[32m[     info][0m Current commit [84ba039] is bad. Return value: 1

Bisecting: 765 revisions left to test after this (roughly 10 steps)
[1bd582330080d737667537eae7812d121e164d3a] Clean up BuiltinBug class.
running /tmp/deduplication/scripts/r_wrongcode_llvm.sh /tmp/deduplication/benchmarks/llvm280/90 small
[32m[     info][0m Testing commit: [1bd5823]
+---------------------------------------- Current commit hash: [1bd5823] ----------------------------------------+
[32m[     info][0m LLVM with commit [1bd5823] already built. Use existing binary.
------------------Current output:-------------------
Ground truth:
0
9
9
9
9
0
0
0
9
9
9
9
9
0
0
0
9
9
0
9
9
0
0
0
9
9
9
9
9
0
0
0
9
9
9
9
0
0
0
0
Output of /tmp/llvm-1bd5823/bin/clang with -O3:
0
9
9
9
9
0
0
0
9
0
9
9
9
0
0
0
9
9
0
9
9
0
0
0
9
9
9
0
9
0
0
0
9
9
9
9
0
0
0
0
Output of /tmp/llvm-1bd5823/bin/clang with -Os:
0
9
9
9
9
0
0
0
9
9
9
9
9
0
0
0
9
9
0
9
9
0
0
0
9
9
9
9
9
0
0
0
9
9
9
9
0
0
0
0
----------------------------------------------------
[32m[     info][0m Current commit [1bd5823] is bad. Return value: 1

Bisecting: 382 revisions left to test after this (roughly 9 steps)
[644577327904bd0b461c46051744779da95a80b0] It is common for vtables to contain pointers to functions that have either incomplete return types or incomplete argument types.
running /tmp/deduplication/scripts/r_wrongcode_llvm.sh /tmp/deduplication/benchmarks/llvm280/90 small
[32m[     info][0m Testing commit: [6445773]
+---------------------------------------- Current commit hash: [6445773] ----------------------------------------+
[32m[     info][0m LLVM with commit [6445773] already built. Use existing binary.
------------------Current output:-------------------
Ground truth:
0
9
9
9
9
0
0
0
9
9
9
9
9
0
0
0
9
9
0
9
9
0
0
0
9
9
9
9
9
0
0
0
9
9
9
9
0
0
0
0
Output of /tmp/llvm-6445773/bin/clang with -O3:
0
9
9
9
9
0
0
0
9
9
9
9
9
0
0
0
9
9
0
9
9
0
0
0
9
9
9
9
9
0
0
0
9
9
9
9
0
0
0
0
Output of /tmp/llvm-6445773/bin/clang with -Os:
0
9
9
9
9
0
0
0
9
9
9
9
9
0
0
0
9
9
0
9
9
0
0
0
9
9
9
9
9
0
0
0
9
9
9
9
0
0
0
0
----------------------------------------------------
[32m[     info][0m Current commit [6445773] is good. Return value: 0

Bisecting: 191 revisions left to test after this (roughly 8 steps)
[5030c6ab21fe0f8af3868865a2396c01c213904e] teach phi translation of GEPs to simplify geps like 'gep x, 0'. This allows us to compile the example from PR5313 into:
running /tmp/deduplication/scripts/r_wrongcode_llvm.sh /tmp/deduplication/benchmarks/llvm280/90 small
[32m[     info][0m Testing commit: [5030c6a]
+---------------------------------------- Current commit hash: [5030c6a] ----------------------------------------+
[32m[     info][0m LLVM with commit [5030c6a] already built. Use existing binary.
------------------Current output:-------------------
Ground truth:
0
9
9
9
9
0
0
0
9
9
9
9
9
0
0
0
9
9
0
9
9
0
0
0
9
9
9
9
9
0
0
0
9
9
9
9
0
0
0
0
Output of /tmp/llvm-5030c6a/bin/clang with -O3:
0
9
9
9
9
0
0
0
9
0
9
9
9
0
0
0
9
9
0
9
9
0
0
0
9
9
9
0
9
0
0
0
9
9
9
9
0
0
0
0
Output of /tmp/llvm-5030c6a/bin/clang with -Os:
0
9
9
9
9
0
0
0
9
9
9
9
9
0
0
0
9
9
0
9
9
0
0
0
9
9
9
9
9
0
0
0
9
9
9
9
0
0
0
0
----------------------------------------------------
[32m[     info][0m Current commit [5030c6a] is bad. Return value: 1

Bisecting: 95 revisions left to test after this (roughly 7 steps)
[120f729ecafcaaacbea610655cd80fdd92d78bd7] Based on the testcase for pr3120, running on my MacPro with Xeon processors, it is definitely profitable to tail duplicate indirect branches for x86. This is likely to be true to various degrees for all modern x86 processors.
running /tmp/deduplication/scripts/r_wrongcode_llvm.sh /tmp/deduplication/benchmarks/llvm280/90 small
[32m[     info][0m Testing commit: [120f729]
+---------------------------------------- Current commit hash: [120f729] ----------------------------------------+
[32m[     info][0m LLVM with commit [120f729] already built. Use existing binary.
------------------Current output:-------------------
Ground truth:
0
9
9
9
9
0
0
0
9
9
9
9
9
0
0
0
9
9
0
9
9
0
0
0
9
9
9
9
9
0
0
0
9
9
9
9
0
0
0
0
Output of /tmp/llvm-120f729/bin/clang with -O3:
0
9
9
9
9
0
0
0
9
9
9
9
9
0
0
0
9
9
0
9
9
0
0
0
9
9
9
9
9
0
0
0
9
9
9
9
0
0
0
0
Output of /tmp/llvm-120f729/bin/clang with -Os:
0
9
9
9
9
0
0
0
9
9
9
9
9
0
0
0
9
9
0
9
9
0
0
0
9
9
9
9
9
0
0
0
9
9
9
9
0
0
0
0
----------------------------------------------------
[32m[     info][0m Current commit [120f729] is good. Return value: 0

Bisecting: 47 revisions left to test after this (roughly 6 steps)
[3378b610ae09d897283eec2e3646e573f2fb600c] Add iterators to BlockDataRegion that allow clients to iterate over the VarRegions for "captured" variables for a block.
running /tmp/deduplication/scripts/r_wrongcode_llvm.sh /tmp/deduplication/benchmarks/llvm280/90 small
[32m[     info][0m Testing commit: [3378b61]
+---------------------------------------- Current commit hash: [3378b61] ----------------------------------------+
[32m[     info][0m LLVM with commit [3378b61] already built. Use existing binary.
------------------Current output:-------------------
Ground truth:
0
9
9
9
9
0
0
0
9
9
9
9
9
0
0
0
9
9
0
9
9
0
0
0
9
9
9
9
9
0
0
0
9
9
9
9
0
0
0
0
Output of /tmp/llvm-3378b61/bin/clang with -O3:
0
9
9
9
9
0
0
0
9
0
9
9
9
0
0
0
9
9
0
9
9
0
0
0
9
9
9
0
9
0
0
0
9
9
9
9
0
0
0
0
Output of /tmp/llvm-3378b61/bin/clang with -Os:
0
9
9
9
9
0
0
0
9
9
9
9
9
0
0
0
9
9
0
9
9
0
0
0
9
9
9
9
9
0
0
0
9
9
9
9
0
0
0
0
----------------------------------------------------
[32m[     info][0m Current commit [3378b61] is bad. Return value: 1

Bisecting: 23 revisions left to test after this (roughly 5 steps)
[4da997b936c1ea6794cd0beb43a547ac695cdf13] Update to reflect recent debugging information encoding changes.
running /tmp/deduplication/scripts/r_wrongcode_llvm.sh /tmp/deduplication/benchmarks/llvm280/90 small
[32m[     info][0m Testing commit: [4da997b]
+---------------------------------------- Current commit hash: [4da997b] ----------------------------------------+
[32m[     info][0m LLVM with commit [4da997b] already built. Use existing binary.
------------------Current output:-------------------
Ground truth:
0
9
9
9
9
0
0
0
9
9
9
9
9
0
0
0
9
9
0
9
9
0
0
0
9
9
9
9
9
0
0
0
9
9
9
9
0
0
0
0
Output of /tmp/llvm-4da997b/bin/clang with -O3:
0
9
9
9
9
0
0
0
9
9
9
9
9
0
0
0
9
9
0
9
9
0
0
0
9
9
9
9
9
0
0
0
9
9
9
9
0
0
0
0
Output of /tmp/llvm-4da997b/bin/clang with -Os:
0
9
9
9
9
0
0
0
9
9
9
9
9
0
0
0
9
9
0
9
9
0
0
0
9
9
9
9
9
0
0
0
9
9
9
9
0
0
0
0
----------------------------------------------------
[32m[     info][0m Current commit [4da997b] is good. Return value: 0

Bisecting: 11 revisions left to test after this (roughly 4 steps)
[89288994139b720ac196a7e698c78731e3d3d2fe] Implement a new DecomposeGEPExpression method, which decomposes a GEP into a list of scaled offsets.  Use this to eliminate some previous ad-hoc code which was subtly broken (it assumed all Constant*'s were non-zero, but strange constant express could be zero).
running /tmp/deduplication/scripts/r_wrongcode_llvm.sh /tmp/deduplication/benchmarks/llvm280/90 small
[32m[     info][0m Testing commit: [8928899]
+---------------------------------------- Current commit hash: [8928899] ----------------------------------------+
[32m[     info][0m LLVM with commit [8928899] already built. Use existing binary.
------------------Current output:-------------------
Ground truth:
0
9
9
9
9
0
0
0
9
9
9
9
9
0
0
0
9
9
0
9
9
0
0
0
9
9
9
9
9
0
0
0
9
9
9
9
0
0
0
0
Output of /tmp/llvm-8928899/bin/clang with -O3:
0
9
9
9
9
0
0
0
9
9
9
9
9
0
0
0
9
9
0
9
9
0
0
0
9
9
9
9
9
0
0
0
9
9
9
9
0
0
0
0
Output of /tmp/llvm-8928899/bin/clang with -Os:
0
9
9
9
9
0
0
0
9
9
9
9
9
0
0
0
9
9
0
9
9
0
0
0
9
9
9
9
9
0
0
0
9
9
9
9
0
0
0
0
----------------------------------------------------
[32m[     info][0m Current commit [8928899] is good. Return value: 0

Bisecting: 5 revisions left to test after this (roughly 3 steps)
[0d23076adf131828e8dfa4dbb4157a48f3ac0496] add a new random feature test
running /tmp/deduplication/scripts/r_wrongcode_llvm.sh /tmp/deduplication/benchmarks/llvm280/90 small
[32m[     info][0m Testing commit: [0d23076]
+---------------------------------------- Current commit hash: [0d23076] ----------------------------------------+
[32m[     info][0m LLVM with commit [0d23076] already built. Use existing binary.
------------------Current output:-------------------
Ground truth:
0
9
9
9
9
0
0
0
9
9
9
9
9
0
0
0
9
9
0
9
9
0
0
0
9
9
9
9
9
0
0
0
9
9
9
9
0
0
0
0
Output of /tmp/llvm-0d23076/bin/clang with -O3:
0
9
9
9
9
0
0
0
9
9
9
9
9
0
0
0
9
9
0
9
9
0
0
0
9
9
9
9
9
0
0
0
9
9
9
9
0
0
0
0
Output of /tmp/llvm-0d23076/bin/clang with -Os:
0
9
9
9
9
0
0
0
9
9
9
9
9
0
0
0
9
9
0
9
9
0
0
0
9
9
9
9
9
0
0
0
9
9
9
9
0
0
0
0
----------------------------------------------------
[32m[     info][0m Current commit [0d23076] is good. Return value: 0

Bisecting: 2 revisions left to test after this (roughly 2 steps)
[0f5e6f88059bec94ec8cfd0ff00bf02face5fdef] Enhance LiveVariables to understand that blocks can extend the liveness of a variable by "capturing" them in a BlockExpr.
running /tmp/deduplication/scripts/r_wrongcode_llvm.sh /tmp/deduplication/benchmarks/llvm280/90 small
[32m[     info][0m Testing commit: [0f5e6f88]
+---------------------------------------- Current commit hash: [0f5e6f88] ----------------------------------------+
[32m[     info][0m LLVM with commit [0f5e6f88] already built. Use existing binary.
------------------Current output:-------------------
Ground truth:
0
9
9
9
9
0
0
0
9
9
9
9
9
0
0
0
9
9
0
9
9
0
0
0
9
9
9
9
9
0
0
0
9
9
9
9
0
0
0
0
Output of /tmp/llvm-0f5e6f88/bin/clang with -O3:
0
9
9
9
9
0
0
0
9
0
9
9
9
0
0
0
9
9
0
9
9
0
0
0
9
9
9
0
9
0
0
0
9
9
9
9
0
0
0
0
Output of /tmp/llvm-0f5e6f88/bin/clang with -Os:
0
9
9
9
9
0
0
0
9
9
9
9
9
0
0
0
9
9
0
9
9
0
0
0
9
9
9
9
9
0
0
0
9
9
9
9
0
0
0
0
----------------------------------------------------
[32m[     info][0m Current commit [0f5e6f88] is bad. Return value: 1

Bisecting: 0 revisions left to test after this (roughly 1 step)
[20d58fbd3a47b3d6e1b596ef2b28cc700d7fea6a] Add C++ tests to try to parse and compile the LLVM libraries
running /tmp/deduplication/scripts/r_wrongcode_llvm.sh /tmp/deduplication/benchmarks/llvm280/90 small
[32m[     info][0m Testing commit: [20d58fb]
+---------------------------------------- Current commit hash: [20d58fb] ----------------------------------------+
[32m[     info][0m LLVM with commit [20d58fb] already built. Use existing binary.
------------------Current output:-------------------
Ground truth:
0
9
9
9
9
0
0
0
9
9
9
9
9
0
0
0
9
9
0
9
9
0
0
0
9
9
9
9
9
0
0
0
9
9
9
9
0
0
0
0
Output of /tmp/llvm-20d58fb/bin/clang with -O3:
0
9
9
9
9
0
0
0
9
0
9
9
9
0
0
0
9
9
0
9
9
0
0
0
9
9
9
0
9
0
0
0
9
9
9
9
0
0
0
0
Output of /tmp/llvm-20d58fb/bin/clang with -Os:
0
9
9
9
9
0
0
0
9
9
9
9
9
0
0
0
9
9
0
9
9
0
0
0
9
9
9
9
9
0
0
0
9
9
9
9
0
0
0
0
----------------------------------------------------
[32m[     info][0m Current commit [20d58fb] is bad. Return value: 1

Bisecting: 0 revisions left to test after this (roughly 0 steps)
[7a5b56aca9925c1a5105d44c58985cf35899263a] Change the other half of aliasGEP (which handles GEP differencing) to use DecomposeGEPExpression.  This dramatically simplifies and shrinks the code by eliminating the horrible CheckGEPInstructions method, fixes a miscompilation (@test3) and makes the code more aggressive.  In particular, we now handle the @test4 case, which is reduced from the SmallPtrSet constructor.  Missing this caused us to emit a variable length memset instead of a fixed size one.
running /tmp/deduplication/scripts/r_wrongcode_llvm.sh /tmp/deduplication/benchmarks/llvm280/90 small
[32m[     info][0m Testing commit: [7a5b56a]
+---------------------------------------- Current commit hash: [7a5b56a] ----------------------------------------+
[32m[     info][0m LLVM with commit [7a5b56a] already built. Use existing binary.
------------------Current output:-------------------
Ground truth:
0
9
9
9
9
0
0
0
9
9
9
9
9
0
0
0
9
9
0
9
9
0
0
0
9
9
9
9
9
0
0
0
9
9
9
9
0
0
0
0
Output of /tmp/llvm-7a5b56a/bin/clang with -O3:
0
9
9
9
9
0
0
0
9
0
9
9
9
0
0
0
9
9
0
9
9
0
0
0
9
9
9
0
9
0
0
0
9
9
9
9
0
0
0
0
Output of /tmp/llvm-7a5b56a/bin/clang with -Os:
0
9
9
9
9
0
0
0
9
9
9
9
9
0
0
0
9
9
0
9
9
0
0
0
9
9
9
9
9
0
0
0
9
9
9
9
0
0
0
0
----------------------------------------------------
[32m[     info][0m Current commit [7a5b56a] is bad. Return value: 1

7a5b56aca9925c1a5105d44c58985cf35899263a is the first bad commit
commit 7a5b56aca9925c1a5105d44c58985cf35899263a
Author: Chris Lattner <sabre@nondot.org>
Date:   Thu Nov 26 02:17:34 2009 +0000

    Change the other half of aliasGEP (which handles GEP differencing) to use DecomposeGEPExpression.  This dramatically simplifies and shrinks the code by eliminating the horrible CheckGEPInstructions method, fixes a miscompilation (@test3) and makes the code more aggressive.  In particular, we now handle the @test4 case, which is reduced from the SmallPtrSet constructor.  Missing this caused us to emit a variable length memset instead of a fixed size one.
    
    llvm-svn: 89922

:040000 040000 a05993db57a6dcc0b37916eb1f79f54061aa7ea8 7edf0cb4d4bdebdf3344746df69fa97f826f3362 M	llvm
bisect run success
[32m[     info][0m First bad commit: 7a5b56a Change the other half of aliasGEP (which handles GEP differencing) to use DecomposeGEPExpression.  This dramatically simplifies and shrinks the code by eliminating the horrible CheckGEPInstructions method, fixes a miscompilation (@test3) and makes the code more aggressive.  In particular, we now handle the @test4 case, which is reduced from the SmallPtrSet constructor.  Missing this caused us to emit a variable length memset instead of a fixed size one.
Previous HEAD position was 7a5b56a... Change the other half of aliasGEP (which handles GEP differencing) to use DecomposeGEPExpression.  This dramatically simplifies and shrinks the code by eliminating the horrible CheckGEPInstructions method, fixes a miscompilation (@test3) and makes the code more aggressive.  In particular, we now handle the @test4 case, which is reduced from the SmallPtrSet constructor.  Missing this caused us to emit a variable length memset instead of a fixed size one.
HEAD is now at 71cc9d8... Added checking of (x == x) and (x != x) to IdempotentOperationChecker and updated test cases flagged by it.

[32m[     info][0m Checking the result...
=========================================================================================================================
[32m[     info][0m Testing commit: [7a5b56a]
+---------------------------------------- Current commit hash: [7a5b56a] ----------------------------------------+
[32m[     info][0m LLVM with commit [7a5b56a] already built. Use existing binary.
------------------Current output:-------------------
Ground truth:
0
9
9
9
9
0
0
0
9
9
9
9
9
0
0
0
9
9
0
9
9
0
0
0
9
9
9
9
9
0
0
0
9
9
9
9
0
0
0
0
Output of /tmp/llvm-7a5b56a/bin/clang with -O3:
0
9
9
9
9
0
0
0
9
0
9
9
9
0
0
0
9
9
0
9
9
0
0
0
9
9
9
0
9
0
0
0
9
9
9
9
0
0
0
0
Output of /tmp/llvm-7a5b56a/bin/clang with -Os:
0
9
9
9
9
0
0
0
9
9
9
9
9
0
0
0
9
9
0
9
9
0
0
0
9
9
9
9
9
0
0
0
9
9
9
9
0
0
0
0
----------------------------------------------------
[32m[     info][0m Current commit [7a5b56a] is bad. Return value: 1

[32m[     info][0m Testing commit: [0d23076]
+---------------------------------------- Current commit hash: [0d23076] ----------------------------------------+
[32m[     info][0m LLVM with commit [0d23076] already built. Use existing binary.
------------------Current output:-------------------
Ground truth:
0
9
9
9
9
0
0
0
9
9
9
9
9
0
0
0
9
9
0
9
9
0
0
0
9
9
9
9
9
0
0
0
9
9
9
9
0
0
0
0
Output of /tmp/llvm-0d23076/bin/clang with -O3:
0
9
9
9
9
0
0
0
9
9
9
9
9
0
0
0
9
9
0
9
9
0
0
0
9
9
9
9
9
0
0
0
9
9
9
9
0
0
0
0
Output of /tmp/llvm-0d23076/bin/clang with -Os:
0
9
9
9
9
0
0
0
9
9
9
9
9
0
0
0
9
9
0
9
9
0
0
0
9
9
9
9
9
0
0
0
9
9
9
9
0
0
0
0
----------------------------------------------------
[32m[     info][0m Current commit [0d23076] is good. Return value: 0

[32m[     info][0m Bisection result is correct.
=========================================================================================================================

[32m[     info][0m Getting extra information...
=========================================================================================================================
Output of llvm [7a5b56a] with -O0:
0
9
9
9
9
0
0
0
9
9
9
9
9
0
0
0
9
9
0
9
9
0
0
0
9
9
9
9
9
0
0
0
9
9
9
9
0
0
0
0
Output of llvm [7a5b56a] with -O1:
0
9
9
9
9
0
0
0
9
9
9
9
9
0
0
0
9
9
0
9
9
0
0
0
9
9
9
9
9
0
0
0
9
9
9
9
0
0
0
0
Output of llvm [7a5b56a] with -O2:
0
9
9
9
9
0
0
0
9
0
9
9
9
0
0
0
9
9
0
9
9
0
0
0
9
9
9
0
9
0
0
0
9
9
9
9
0
0
0
0
Output of llvm [7a5b56a] with -O3:
0
9
9
9
9
0
0
0
9
0
9
9
9
0
0
0
9
9
0
9
9
0
0
0
9
9
9
0
9
0
0
0
9
9
9
9
0
0
0
0
Output of llvm [7a5b56a] with -Os:
0
9
9
9
9
0
0
0
9
9
9
9
9
0
0
0
9
9
0
9
9
0
0
0
9
9
9
9
9
0
0
0
9
9
9
9
0
0
0
0
[32m[     info][0m Got extra information.
=========================================================================================================================
[32m[     info][0m Bisection done.
