[32m[     info][0m Compiler type: gcc
[32m[     info][0m Bad compiler: /tmp/deduplication/prebuild_compilers/gcc-4.5.0/bin/gcc
====================Ground truth & buggy output:====================
Correct output:
1
Output of gcc-4.5.0 with -O3:
176989513
Output of gcc-4.5.0 with -Os:
1
====================================================================
[32m[     info][0m Good version found: gcc-4.3.0
[32m[     info][0m Start Bisection...
No local changes to save
Bisecting: a merge base must be tested
[0802ae58ae482688b0177086598bc10469645333] cp-tools.texinfo (@direntry): Prefix info name with cp-.
running /tmp/deduplication/scripts/r_wrongcode_gcc.sh /tmp/deduplication/benchmarks/gcc450/12 small
[32m[     info][0m Testing commit: [0802ae5]
+---------------------------------------- Current commit hash: [0802ae5] ----------------------------------------+
GCC for commit [0802ae5] already exists. Using existing binary.
------------------Current output:-------------------
Ground truth:
1
Output of /tmp/gcc-0802ae5/bin/gcc with -O3:
1
Output of /tmp/gcc-0802ae5/bin/gcc with -Os:
1
----------------------------------------------------
No local changes to save
HEAD is now at 0802ae5... cp-tools.texinfo (@direntry): Prefix info name with cp-.
[32m[     info][0m Current commit [0802ae5] is good. Return value: 0

Bisecting: 6706 revisions left to test after this (roughly 13 steps)
[3764bb000eb4685cd38ae2eb75c133cb8c87c982] sem.ads, [...]: Minor comment fixes.
running /tmp/deduplication/scripts/r_wrongcode_gcc.sh /tmp/deduplication/benchmarks/gcc450/12 small
[32m[     info][0m Testing commit: [3764bb0]
+---------------------------------------- Current commit hash: [3764bb0] ----------------------------------------+
GCC for commit [3764bb0] already exists. Using existing binary.
------------------Current output:-------------------
Ground truth:
1
Output of /tmp/gcc-3764bb0/bin/gcc with -O3:
-1536608951
Output of /tmp/gcc-3764bb0/bin/gcc with -Os:
1
----------------------------------------------------
No local changes to save
HEAD is now at 3764bb0... sem.ads, [...]: Minor comment fixes.
[32m[     info][0m Current commit [3764bb0] is bad. Return value: 1

Bisecting: 3353 revisions left to test after this (roughly 12 steps)
[f7bc085cf155e800fe6ec86e01f2afd69ade6a2e] mcf.c: Really add it.
running /tmp/deduplication/scripts/r_wrongcode_gcc.sh /tmp/deduplication/benchmarks/gcc450/12 small
[32m[     info][0m Testing commit: [f7bc085]
+---------------------------------------- Current commit hash: [f7bc085] ----------------------------------------+
Building GCC for commit [f7bc085]...
Switched to a new branch 'temp-test-branch'
GCC compilation failed.
Unknown failure reason... Skip this commit, return 125
No local changes to save
Note: checking out 'f7bc085'.

You are in 'detached HEAD' state. You can look around, make experimental
changes and commit them, and you can discard any commits you make in this
state without impacting any branches by performing another checkout.

If you want to create a new branch to retain commits you create, you may
do so (now or later) by using -b with the checkout command again. Example:

  git checkout -b new_branch_name

HEAD is now at f7bc085... mcf.c: Really add it.
Deleted branch temp-test-branch (was f7bc085).
Fail to build gcc for commit [f7bc085], skip this commit. Return 125.
Bisecting: 3352 revisions left to test after this (roughly 12 steps)
[3aa71f9da012bd82ee327edeb03723d9ef951955] profile.h: Really add it.
running /tmp/deduplication/scripts/r_wrongcode_gcc.sh /tmp/deduplication/benchmarks/gcc450/12 small
[32m[     info][0m Testing commit: [3aa71f9]
+---------------------------------------- Current commit hash: [3aa71f9] ----------------------------------------+
GCC for commit [3aa71f9] already exists. Using existing binary.
------------------Current output:-------------------
Ground truth:
1
Output of /tmp/gcc-3aa71f9/bin/gcc with -O3:
1
Output of /tmp/gcc-3aa71f9/bin/gcc with -Os:
1
----------------------------------------------------
No local changes to save
HEAD is now at 3aa71f9... profile.h: Really add it.
[32m[     info][0m Current commit [3aa71f9] is good. Return value: 0

Bisecting: 1675 revisions left to test after this (roughly 11 steps)
[3ecaae52245d4044b089e56ef3f48b43f53a86ec] PR libstdc++/38365 (cont)
running /tmp/deduplication/scripts/r_wrongcode_gcc.sh /tmp/deduplication/benchmarks/gcc450/12 small
[32m[     info][0m Testing commit: [3ecaae5]
+---------------------------------------- Current commit hash: [3ecaae5] ----------------------------------------+
GCC for commit [3ecaae5] already exists. Using existing binary.
------------------Current output:-------------------
Ground truth:
1
Output of /tmp/gcc-3ecaae5/bin/gcc with -O3:
-913455799
Output of /tmp/gcc-3ecaae5/bin/gcc with -Os:
1
----------------------------------------------------
No local changes to save
HEAD is now at 3ecaae5... PR libstdc++/38365 (cont)
[32m[     info][0m Current commit [3ecaae5] is bad. Return value: 1

Bisecting: 837 revisions left to test after this (roughly 10 steps)
[711428147bde634fd58bd7c2da96d919189d81da] re PR middle-end/37576 (-v --help ICEs)
running /tmp/deduplication/scripts/r_wrongcode_gcc.sh /tmp/deduplication/benchmarks/gcc450/12 small
[32m[     info][0m Testing commit: [7114281]
+---------------------------------------- Current commit hash: [7114281] ----------------------------------------+
GCC for commit [7114281] already exists. Using existing binary.
------------------Current output:-------------------
Ground truth:
1
Output of /tmp/gcc-7114281/bin/gcc with -O3:
-1304349367
Output of /tmp/gcc-7114281/bin/gcc with -Os:
1
----------------------------------------------------
No local changes to save
HEAD is now at 7114281... re PR middle-end/37576 (-v --help ICEs)
[32m[     info][0m Current commit [7114281] is bad. Return value: 1

Bisecting: 419 revisions left to test after this (roughly 9 steps)
[27738602d5c08a8725ef63e43899bc6bfb4eab3c] alpha.c (alpha_split_lock_test_and_set): Move memory barrier to below the test-and-set.
running /tmp/deduplication/scripts/r_wrongcode_gcc.sh /tmp/deduplication/benchmarks/gcc450/12 small
[32m[     info][0m Testing commit: [2773860]
+---------------------------------------- Current commit hash: [2773860] ----------------------------------------+
GCC for commit [2773860] already exists. Using existing binary.
------------------Current output:-------------------
Ground truth:
1
Output of /tmp/gcc-2773860/bin/gcc with -O3:
2019042633
Output of /tmp/gcc-2773860/bin/gcc with -Os:
1
----------------------------------------------------
No local changes to save
HEAD is now at 2773860... alpha.c (alpha_split_lock_test_and_set): Move memory barrier to below the test-and-set.
[32m[     info][0m Current commit [2773860] is bad. Return value: 1

Bisecting: 209 revisions left to test after this (roughly 8 steps)
[058e97ecf33ad0dfd926b3876a4bcf59ac9556ff] [multiple changes]
running /tmp/deduplication/scripts/r_wrongcode_gcc.sh /tmp/deduplication/benchmarks/gcc450/12 small
[32m[     info][0m Testing commit: [058e97e]
+---------------------------------------- Current commit hash: [058e97e] ----------------------------------------+
GCC for commit [058e97e] already exists. Using existing binary.
------------------Current output:-------------------
Ground truth:
1
Output of /tmp/gcc-058e97e/bin/gcc with -O3:
1
Output of /tmp/gcc-058e97e/bin/gcc with -Os:
1
----------------------------------------------------
No local changes to save
HEAD is now at 058e97e... [multiple changes]
[32m[     info][0m Current commit [058e97e] is good. Return value: 0

Bisecting: 104 revisions left to test after this (roughly 7 steps)
[76718c16d01e0ad14bb682f479f19702d093800d] ipa-inline.c (cgraph_estimate_growth): Discover self recursive functions.
running /tmp/deduplication/scripts/r_wrongcode_gcc.sh /tmp/deduplication/benchmarks/gcc450/12 small
[32m[     info][0m Testing commit: [76718c1]
+---------------------------------------- Current commit hash: [76718c1] ----------------------------------------+
GCC for commit [76718c1] already exists. Using existing binary.
------------------Current output:-------------------
Ground truth:
1
Output of /tmp/gcc-76718c1/bin/gcc with -O3:
1
Output of /tmp/gcc-76718c1/bin/gcc with -Os:
1
----------------------------------------------------
No local changes to save
HEAD is now at 76718c1... ipa-inline.c (cgraph_estimate_growth): Discover self recursive functions.
[32m[     info][0m Current commit [76718c1] is good. Return value: 0

Bisecting: 51 revisions left to test after this (roughly 6 steps)
[4b738718614de4af7939844cf3232ac0b9a7b0e4] pa64-hpux.h (LIB_SPEC): Link against librt when building static openmp applications.
running /tmp/deduplication/scripts/r_wrongcode_gcc.sh /tmp/deduplication/benchmarks/gcc450/12 small
[32m[     info][0m Testing commit: [4b73871]
+---------------------------------------- Current commit hash: [4b73871] ----------------------------------------+
GCC for commit [4b73871] already exists. Using existing binary.
------------------Current output:-------------------
Ground truth:
1
Output of /tmp/gcc-4b73871/bin/gcc with -O3:
416994633
Output of /tmp/gcc-4b73871/bin/gcc with -Os:
1
----------------------------------------------------
No local changes to save
HEAD is now at 4b73871... pa64-hpux.h (LIB_SPEC): Link against librt when building static openmp applications.
[32m[     info][0m Current commit [4b73871] is bad. Return value: 1

Bisecting: 26 revisions left to test after this (roughly 5 steps)
[eb829078a3e73bfade686aad203390e5b8e9cc12] trans-expr.c (gfc_trans_string_copy): Use the correct types to compute slen and dlen.
running /tmp/deduplication/scripts/r_wrongcode_gcc.sh /tmp/deduplication/benchmarks/gcc450/12 small
[32m[     info][0m Testing commit: [eb82907]
+---------------------------------------- Current commit hash: [eb82907] ----------------------------------------+
GCC for commit [eb82907] already exists. Using existing binary.
------------------Current output:-------------------
Ground truth:
1
Output of /tmp/gcc-eb82907/bin/gcc with -O3:
1
Output of /tmp/gcc-eb82907/bin/gcc with -Os:
1
----------------------------------------------------
No local changes to save
HEAD is now at eb82907... trans-expr.c (gfc_trans_string_copy): Use the correct types to compute slen and dlen.
[32m[     info][0m Current commit [eb82907] is good. Return value: 0

Bisecting: 13 revisions left to test after this (roughly 4 steps)
[e04ad03daeeb2f8120bd399d54563f085035391d] expr.c (MOVE_BY_PIECES_P, [...]): Pass speed operand.
running /tmp/deduplication/scripts/r_wrongcode_gcc.sh /tmp/deduplication/benchmarks/gcc450/12 small
[32m[     info][0m Testing commit: [e04ad03]
+---------------------------------------- Current commit hash: [e04ad03] ----------------------------------------+
GCC for commit [e04ad03] already exists. Using existing binary.
------------------Current output:-------------------
Ground truth:
1
Output of /tmp/gcc-e04ad03/bin/gcc with -O3:
1663579465
Output of /tmp/gcc-e04ad03/bin/gcc with -Os:
1
----------------------------------------------------
No local changes to save
HEAD is now at e04ad03... expr.c (MOVE_BY_PIECES_P, [...]): Pass speed operand.
[32m[     info][0m Current commit [e04ad03] is bad. Return value: 1

Bisecting: 6 revisions left to test after this (roughly 3 steps)
[6528b88d94b120185f9c8971749fb2d32870d66b] Makefile.am (libgomp_la_LDFLAGS): Add -no-undefined.
running /tmp/deduplication/scripts/r_wrongcode_gcc.sh /tmp/deduplication/benchmarks/gcc450/12 small
[32m[     info][0m Testing commit: [6528b88]
+---------------------------------------- Current commit hash: [6528b88] ----------------------------------------+
GCC for commit [6528b88] already exists. Using existing binary.
------------------Current output:-------------------
Ground truth:
1
Output of /tmp/gcc-6528b88/bin/gcc with -O3:
-1055357623
Output of /tmp/gcc-6528b88/bin/gcc with -Os:
1
----------------------------------------------------
No local changes to save
HEAD is now at 6528b88... Makefile.am (libgomp_la_LDFLAGS): Add -no-undefined.
[32m[     info][0m Current commit [6528b88] is bad. Return value: 1

Bisecting: 2 revisions left to test after this (roughly 2 steps)
[a065d52eff29059a680ee8d44b11f03c0a544562] ipa-cp.c (ipcp_need_original_clone_p): Remove.
running /tmp/deduplication/scripts/r_wrongcode_gcc.sh /tmp/deduplication/benchmarks/gcc450/12 small
[32m[     info][0m Testing commit: [a065d52]
+---------------------------------------- Current commit hash: [a065d52] ----------------------------------------+
GCC for commit [a065d52] already exists. Using existing binary.
------------------Current output:-------------------
Ground truth:
1
Output of /tmp/gcc-a065d52/bin/gcc with -O3:
1
Output of /tmp/gcc-a065d52/bin/gcc with -Os:
1
----------------------------------------------------
No local changes to save
HEAD is now at a065d52... ipa-cp.c (ipcp_need_original_clone_p): Remove.
[32m[     info][0m Current commit [a065d52] is good. Return value: 0

Bisecting: 1 revision left to test after this (roughly 1 step)
[3e196fa9b9e3d7ce3b23e11f6517a6439506a2bc] predict.c (maybe_hot_bb_p, [...]): Previous commit mistakely had old version of patch.
running /tmp/deduplication/scripts/r_wrongcode_gcc.sh /tmp/deduplication/benchmarks/gcc450/12 small
[32m[     info][0m Testing commit: [3e196fa]
+---------------------------------------- Current commit hash: [3e196fa] ----------------------------------------+
GCC for commit [3e196fa] already exists. Using existing binary.
------------------Current output:-------------------
Ground truth:
1
Output of /tmp/gcc-3e196fa/bin/gcc with -O3:
-1641454263
Output of /tmp/gcc-3e196fa/bin/gcc with -Os:
1
----------------------------------------------------
No local changes to save
HEAD is now at 3e196fa... predict.c (maybe_hot_bb_p, [...]): Previous commit mistakely had old version of patch.
[32m[     info][0m Current commit [3e196fa] is bad. Return value: 1

3e196fa9b9e3d7ce3b23e11f6517a6439506a2bc is the first bad commit
commit 3e196fa9b9e3d7ce3b23e11f6517a6439506a2bc
Author: Jan Hubicka <jh@suse.cz>
Date:   Sun Aug 31 20:08:31 2008 +0200

    predict.c (maybe_hot_bb_p, [...]): Previous commit mistakely had old version of patch.
    
    	* predict.c (maybe_hot_bb_p, maybe_hot_edge_p): Previous commit
    	mistakely had old version of patch.
    
    From-SVN: r139836

:040000 040000 bd99d6690169f35a9af60a822ceee24efc6275b0 8d1af5764013d8b507da0b1f83c546d184c5f7aa M	gcc
bisect run success
[32m[     info][0m First bad commit: 3e196fa predict.c (maybe_hot_bb_p, [...]): Previous commit mistakely had old version of patch.
Previous HEAD position was 3e196fa... predict.c (maybe_hot_bb_p, [...]): Previous commit mistakely had old version of patch.
HEAD is now at 880f8ea... user.cfg.in: Define _GLIBCXX_HAS_GTHREADS for mutex, condition_variable, and thread output.

[32m[     info][0m Checking the result...
=========================================================================================================================
[32m[     info][0m Testing commit: [3e196fa]
+---------------------------------------- Current commit hash: [3e196fa] ----------------------------------------+
GCC for commit [3e196fa] already exists. Using existing binary.
------------------Current output:-------------------
Ground truth:
1
Output of /tmp/gcc-3e196fa/bin/gcc with -O3:
953853257
Output of /tmp/gcc-3e196fa/bin/gcc with -Os:
1
----------------------------------------------------
No local changes to save
HEAD is now at 3e196fa... predict.c (maybe_hot_bb_p, [...]): Previous commit mistakely had old version of patch.
[32m[     info][0m Current commit [3e196fa] is bad. Return value: 1

[32m[     info][0m Testing commit: [a065d52]
+---------------------------------------- Current commit hash: [a065d52] ----------------------------------------+
GCC for commit [a065d52] already exists. Using existing binary.
------------------Current output:-------------------
Ground truth:
1
Output of /tmp/gcc-a065d52/bin/gcc with -O3:
1
Output of /tmp/gcc-a065d52/bin/gcc with -Os:
1
----------------------------------------------------
No local changes to save
HEAD is now at a065d52... ipa-cp.c (ipcp_need_original_clone_p): Remove.
[32m[     info][0m Current commit [a065d52] is good. Return value: 0

[32m[     info][0m Bisection result is correct.
=========================================================================================================================

[32m[     info][0m Getting extra information...
=========================================================================================================================
Output of gcc [3e196fa] with -O0:
1
Output of gcc [3e196fa] with -O1:
1
Output of gcc [3e196fa] with -O2:
159057225
Output of gcc [3e196fa] with -O3:
-975764151
Output of gcc [3e196fa] with -Os:
1
[32m[     info][0m Got extra information.
=========================================================================================================================
[32m[     info][0m Bisection done.
