[32m[     info][0m Compiler type: gcc
[32m[     info][0m Bad compiler: /tmp/deduplication/prebuild_compilers/gcc-4.3.0/bin/gcc
====================Ground truth & buggy output:====================
Correct output:
checksum = 913bfc8d
Output of gcc-4.3.0 with -O3:
checksum = 913bfc95
Output of gcc-4.3.0 with -O0:
checksum = 913bfc8d
====================================================================
[32m[     info][0m Good version found: gcc-4.2.0
[32m[     info][0m Start Bisection...
No local changes to save
Bisecting: a merge base must be tested
[b23987ec2f0f24c38c78f7cf63c91a699da681bd] tree.h (DECL_PTA_ARTIFICIAL): Remove.
running /tmp/deduplication/scripts/r_wrongcode_gcc.sh /tmp/deduplication/benchmarks/gcc430-orig/tc0189 orig
[32m[     info][0m Testing commit: [b23987e]
+---------------------------------------- Current commit hash: [b23987e] ----------------------------------------+
GCC for commit [b23987e] already exists. Using existing binary.
------------------Current output:-------------------
Ground truth:
checksum = 913bfc8d
Output of /tmp/gcc-b23987e/bin/gcc with -O3:
checksum = 913bfc8d
Output of /tmp/gcc-b23987e/bin/gcc with -O0:
checksum = 913bfc8d
----------------------------------------------------
No local changes to save
HEAD is now at b23987e... tree.h (DECL_PTA_ARTIFICIAL): Remove.
[32m[     info][0m Current commit [b23987e] is good. Return value: 0

Bisecting: 4487 revisions left to test after this (roughly 12 steps)
[b718216c5ad4bc0054646d701d3b4fa67d74c96b] df-scan.c (df_get_exit-block_use_set): Always add the stack pointer to the exit block use set.
running /tmp/deduplication/scripts/r_wrongcode_gcc.sh /tmp/deduplication/benchmarks/gcc430-orig/tc0189 orig
[32m[     info][0m Testing commit: [b718216]
+---------------------------------------- Current commit hash: [b718216] ----------------------------------------+
GCC for commit [b718216] already exists. Using existing binary.
------------------Current output:-------------------
Ground truth:
checksum = 913bfc8d
Output of /tmp/gcc-b718216/bin/gcc with -O3:
checksum = 913bfc8d
Output of /tmp/gcc-b718216/bin/gcc with -O0:
checksum = 913bfc8d
----------------------------------------------------
No local changes to save
HEAD is now at b718216... df-scan.c (df_get_exit-block_use_set): Always add the stack pointer to the exit block use set.
[32m[     info][0m Current commit [b718216] is good. Return value: 0

Bisecting: 2243 revisions left to test after this (roughly 11 steps)
[448d2cd2f73e2e16e2bdd5c407174afebf3ed845] re PR fortran/33198 (Derived type in common: Default initializer not rejected)
running /tmp/deduplication/scripts/r_wrongcode_gcc.sh /tmp/deduplication/benchmarks/gcc430-orig/tc0189 orig
[32m[     info][0m Testing commit: [448d2cd]
+---------------------------------------- Current commit hash: [448d2cd] ----------------------------------------+
GCC for commit [448d2cd] already exists. Using existing binary.
------------------Current output:-------------------
Ground truth:
checksum = 913bfc8d
Output of /tmp/gcc-448d2cd/bin/gcc with -O3:
checksum = 913bfc95
Output of /tmp/gcc-448d2cd/bin/gcc with -O0:
checksum = 913bfc8d
----------------------------------------------------
No local changes to save
HEAD is now at 448d2cd... re PR fortran/33198 (Derived type in common: Default initializer not rejected)
[32m[     info][0m Current commit [448d2cd] is bad. Return value: 1

Bisecting: 1121 revisions left to test after this (roughly 10 steps)
[6812b99bfefb741cadac6c5eba5a7446af820b62] impunit.adb: Re-organize System.Random_Numbers and GNAT.Random_Numbers and add to builds.
running /tmp/deduplication/scripts/r_wrongcode_gcc.sh /tmp/deduplication/benchmarks/gcc430-orig/tc0189 orig
[32m[     info][0m Testing commit: [6812b99]
+---------------------------------------- Current commit hash: [6812b99] ----------------------------------------+
GCC for commit [6812b99] already exists. Using existing binary.
Compilation by gcc [6812b99] with -O3 failed - [unkonwn failure reason]. Skip this commit, return 1.
-------------------------------------------------------------------------------------------------

No local changes to save
HEAD is now at 6812b99... impunit.adb: Re-organize System.Random_Numbers and GNAT.Random_Numbers and add to builds.
Bisecting: 560 revisions left to test after this (roughly 9 steps)
[99c1f1ceed0d85eb785cb6f49ef23cad965922d2] re PR c++/30854 (Wrong number of arguments printed for constructor)
running /tmp/deduplication/scripts/r_wrongcode_gcc.sh /tmp/deduplication/benchmarks/gcc430-orig/tc0189 orig
[32m[     info][0m Testing commit: [99c1f1c]
+---------------------------------------- Current commit hash: [99c1f1c] ----------------------------------------+
GCC for commit [99c1f1c] already exists. Using existing binary.
Compilation by gcc [99c1f1c] with -O3 failed - [unkonwn failure reason]. Skip this commit, return 1.
-------------------------------------------------------------------------------------------------

No local changes to save
HEAD is now at 99c1f1c... re PR c++/30854 (Wrong number of arguments printed for constructor)
Bisecting: 280 revisions left to test after this (roughly 8 steps)
[7ee1ad848363ca30a254981b13b57d0746ed0dc1] Fix missed initialization of scc_nodes.
running /tmp/deduplication/scripts/r_wrongcode_gcc.sh /tmp/deduplication/benchmarks/gcc430-orig/tc0189 orig
[32m[     info][0m Testing commit: [7ee1ad8]
+---------------------------------------- Current commit hash: [7ee1ad8] ----------------------------------------+
GCC for commit [7ee1ad8] already exists. Using existing binary.
Compilation by gcc [7ee1ad8] with -O3 failed - [unkonwn failure reason]. Skip this commit, return 1.
-------------------------------------------------------------------------------------------------

No local changes to save
HEAD is now at 7ee1ad8... Fix missed initialization of scc_nodes.
Bisecting: 139 revisions left to test after this (roughly 7 steps)
[5c7cafa8dc040ac9573f81ce9f9cdd6111ca83a4] svn ci -m "introduce bank[0,1] registers and fix rte delay slot scheduling"
running /tmp/deduplication/scripts/r_wrongcode_gcc.sh /tmp/deduplication/benchmarks/gcc430-orig/tc0189 orig
[32m[     info][0m Testing commit: [5c7cafa]
+---------------------------------------- Current commit hash: [5c7cafa] ----------------------------------------+
GCC for commit [5c7cafa] already exists. Using existing binary.
------------------Current output:-------------------
Ground truth:
checksum = 913bfc8d
Output of /tmp/gcc-5c7cafa/bin/gcc with -O3:
checksum = 913bfc8d
Output of /tmp/gcc-5c7cafa/bin/gcc with -O0:
checksum = 913bfc8d
----------------------------------------------------
No local changes to save
HEAD is now at 5c7cafa... svn ci -m "introduce bank[0,1] registers and fix rte delay slot scheduling"
[32m[     info][0m Current commit [5c7cafa] is good. Return value: 0

Bisecting: 69 revisions left to test after this (roughly 6 steps)
[20de4d9913045c25b7cbc9d604cb251198f0197a] Fix nits.
running /tmp/deduplication/scripts/r_wrongcode_gcc.sh /tmp/deduplication/benchmarks/gcc430-orig/tc0189 orig
[32m[     info][0m Testing commit: [20de4d9]
+---------------------------------------- Current commit hash: [20de4d9] ----------------------------------------+
GCC for commit [20de4d9] already exists. Using existing binary.
Compilation by gcc [20de4d9] with -O3 failed - [unkonwn failure reason]. Skip this commit, return 1.
-------------------------------------------------------------------------------------------------

No local changes to save
HEAD is now at 20de4d9... Fix nits.
Bisecting: 34 revisions left to test after this (roughly 5 steps)
[7ed967e82f0d3a7540ec98929449cc9ccfbdd0d3] re PR fortran/32446 (F0.n output format fails with large numbers)
running /tmp/deduplication/scripts/r_wrongcode_gcc.sh /tmp/deduplication/benchmarks/gcc430-orig/tc0189 orig
[32m[     info][0m Testing commit: [7ed967e]
+---------------------------------------- Current commit hash: [7ed967e] ----------------------------------------+
GCC for commit [7ed967e] already exists. Using existing binary.
Compilation by gcc [7ed967e] with -O3 failed - [unkonwn failure reason]. Skip this commit, return 1.
-------------------------------------------------------------------------------------------------

No local changes to save
HEAD is now at 7ed967e... re PR fortran/32446 (F0.n output format fails with large numbers)
Bisecting: 17 revisions left to test after this (roughly 4 steps)
[9064c53336c60cb5f21d2c8551e707522d1a5575] i386.c (override_options): Correct x86_sahf setting condition.
running /tmp/deduplication/scripts/r_wrongcode_gcc.sh /tmp/deduplication/benchmarks/gcc430-orig/tc0189 orig
[32m[     info][0m Testing commit: [9064c53]
+---------------------------------------- Current commit hash: [9064c53] ----------------------------------------+
GCC for commit [9064c53] already exists. Using existing binary.
Compilation by gcc [9064c53] with -O3 failed - [unkonwn failure reason]. Skip this commit, return 1.
-------------------------------------------------------------------------------------------------

No local changes to save
HEAD is now at 9064c53... i386.c (override_options): Correct x86_sahf setting condition.
Bisecting: 8 revisions left to test after this (roughly 3 steps)
[6f1c9cd02fe6c75045024074dc9edf59c2981042] re PR tree-optimization/19590 (IVs with the same evolution not eliminated)
running /tmp/deduplication/scripts/r_wrongcode_gcc.sh /tmp/deduplication/benchmarks/gcc430-orig/tc0189 orig
[32m[     info][0m Testing commit: [6f1c9cd]
+---------------------------------------- Current commit hash: [6f1c9cd] ----------------------------------------+
GCC for commit [6f1c9cd] already exists. Using existing binary.
Compilation by gcc [6f1c9cd] with -O3 failed - [unkonwn failure reason]. Skip this commit, return 1.
-------------------------------------------------------------------------------------------------

No local changes to save
HEAD is now at 6f1c9cd... re PR tree-optimization/19590 (IVs with the same evolution not eliminated)
Bisecting: 3 revisions left to test after this (roughly 2 steps)
[3521f3cc39a96d9949031cb8ed464ce9ed69e34d] re PR tree-optimization/31866 (ICE with tree check error: expected ssa_name, have var_decl in create_outofssa_var_map)
running /tmp/deduplication/scripts/r_wrongcode_gcc.sh /tmp/deduplication/benchmarks/gcc430-orig/tc0189 orig
[32m[     info][0m Testing commit: [3521f3c]
+---------------------------------------- Current commit hash: [3521f3c] ----------------------------------------+
GCC for commit [3521f3c] already exists. Using existing binary.
------------------Current output:-------------------
Ground truth:
checksum = 913bfc8d
Output of /tmp/gcc-3521f3c/bin/gcc with -O3:
checksum = 913bfc8d
Output of /tmp/gcc-3521f3c/bin/gcc with -O0:
checksum = 913bfc8d
----------------------------------------------------
No local changes to save
HEAD is now at 3521f3c... re PR tree-optimization/31866 (ICE with tree check error: expected ssa_name, have var_decl in create_outofssa_var_map)
[32m[     info][0m Current commit [3521f3c] is good. Return value: 0

Bisecting: 1 revision left to test after this (roughly 1 step)
[4228997795917ab648bc7b58b9497e877ae8b92a] re PR tree-optimization/32453 (ICE in build2_stat, at tree.c:3074 (extract_range_from_assert))
running /tmp/deduplication/scripts/r_wrongcode_gcc.sh /tmp/deduplication/benchmarks/gcc430-orig/tc0189 orig
[32m[     info][0m Testing commit: [4228997]
+---------------------------------------- Current commit hash: [4228997] ----------------------------------------+
GCC for commit [4228997] already exists. Using existing binary.
------------------Current output:-------------------
Ground truth:
checksum = 913bfc8d
Output of /tmp/gcc-4228997/bin/gcc with -O3:
checksum = 913bfc8d
Output of /tmp/gcc-4228997/bin/gcc with -O0:
checksum = 913bfc8d
----------------------------------------------------
No local changes to save
HEAD is now at 4228997... re PR tree-optimization/32453 (ICE in build2_stat, at tree.c:3074 (extract_range_from_assert))
[32m[     info][0m Current commit [4228997] is good. Return value: 0

Bisecting: 0 revisions left to test after this (roughly 0 steps)
[e44e043cb31d2cbac67dde6e529fd0fd804f384c] df-problems.c (df_note_bb_compute): Made computation of live info consistent with df_lr.
running /tmp/deduplication/scripts/r_wrongcode_gcc.sh /tmp/deduplication/benchmarks/gcc430-orig/tc0189 orig
[32m[     info][0m Testing commit: [e44e043]
+---------------------------------------- Current commit hash: [e44e043] ----------------------------------------+
GCC for commit [e44e043] already exists. Using existing binary.
------------------Current output:-------------------
Ground truth:
checksum = 913bfc8d
Output of /tmp/gcc-e44e043/bin/gcc with -O3:
checksum = 913bfc8d
Output of /tmp/gcc-e44e043/bin/gcc with -O0:
checksum = 913bfc8d
----------------------------------------------------
No local changes to save
HEAD is now at e44e043... df-problems.c (df_note_bb_compute): Made computation of live info consistent with df_lr.
[32m[     info][0m Current commit [e44e043] is good. Return value: 0

6f1c9cd02fe6c75045024074dc9edf59c2981042 is the first bad commit
commit 6f1c9cd02fe6c75045024074dc9edf59c2981042
Author: Sebastian Pop <sebpop@gmail.com>
Date:   Thu Jun 21 17:06:05 2007 +0000

    re PR tree-optimization/19590 (IVs with the same evolution not eliminated)
    
    	PR tree-optimization/19590
    	* tree-vrp.c (adjust_range_with_scev): Set the range when the result
    	of scev is a constant.
    	* gcc/testsuite/gcc.dg/tree-ssa/pr19590.c: New.
    
    From-SVN: r125925

:040000 040000 099c0fc5bbeb4f5b1a3f8991e6955c402d64a316 58cd70c86c2bfff7909e171f20175c8e6d230de6 M	gcc
bisect run success
[32m[     info][0m First bad commit: 6f1c9cd re PR tree-optimization/19590 (IVs with the same evolution not eliminated)
Previous HEAD position was e44e043... df-problems.c (df_note_bb_compute): Made computation of live info consistent with df_lr.
HEAD is now at a91d32a... i386.md ("*movtf_internal): Penalize moves to and from integer registers.

[32m[     info][0m Checking the result...
=========================================================================================================================
[32m[     info][0m Testing commit: [6f1c9cd]
+---------------------------------------- Current commit hash: [6f1c9cd] ----------------------------------------+
GCC for commit [6f1c9cd] already exists. Using existing binary.
Compilation by gcc [6f1c9cd] with -O3 failed - [unkonwn failure reason]. Skip this commit, return 1.
-------------------------------------------------------------------------------------------------

No local changes to save
HEAD is now at 6f1c9cd... re PR tree-optimization/19590 (IVs with the same evolution not eliminated)
[32m[     info][0m Testing commit: [e44e043]
+---------------------------------------- Current commit hash: [e44e043] ----------------------------------------+
GCC for commit [e44e043] already exists. Using existing binary.
------------------Current output:-------------------
Ground truth:
checksum = 913bfc8d
Output of /tmp/gcc-e44e043/bin/gcc with -O3:
checksum = 913bfc8d
Output of /tmp/gcc-e44e043/bin/gcc with -O0:
checksum = 913bfc8d
----------------------------------------------------
No local changes to save
HEAD is now at e44e043... df-problems.c (df_note_bb_compute): Made computation of live info consistent with df_lr.
[32m[     info][0m Current commit [e44e043] is good. Return value: 0

[32m[     info][0m Bisection result is correct.
=========================================================================================================================

[32m[     info][0m Getting extra information...
=========================================================================================================================
Output of gcc [6f1c9cd] with -O0:
checksum = 913bfc8d
Output of gcc [6f1c9cd] with -O1:
checksum = 913bfc8d
Output of gcc [6f1c9cd] with -O2:
checksum = 913bfc8d
[31m[  warning][0m Compilation by gcc [6f1c9cd] with -O3 failed. Continue...
Output of gcc [6f1c9cd] with -Os:
checksum = 913bfc8d
[32m[     info][0m Got extra information.
=========================================================================================================================
[32m[     info][0m Bisection done.
