[32m[     info][0m Compiler type: gcc
[32m[     info][0m Bad compiler: /tmp/deduplication/prebuild_compilers/gcc-4.3.0/bin/gcc
====================Ground truth & buggy output:====================
Correct output:
0
Output of gcc-4.3.0 with -O3:
1
Output of gcc-4.3.0 with -O2:
0
====================================================================
[32m[     info][0m Good version found: gcc-4.2.0
[32m[     info][0m Start Bisection...
No local changes to save
Bisecting: a merge base must be tested
[b23987ec2f0f24c38c78f7cf63c91a699da681bd] tree.h (DECL_PTA_ARTIFICIAL): Remove.
running /tmp/deduplication/scripts/r_wrongcode_gcc.sh /tmp/deduplication/benchmarks/gcc430/tc0158 small
[32m[     info][0m Testing commit: [b23987e]
+---------------------------------------- Current commit hash: [b23987e] ----------------------------------------+
GCC for commit [b23987e] already exists. Using existing binary.
------------------Current output:-------------------
Ground truth:
0
Output of /tmp/gcc-b23987e/bin/gcc with -O3:
0
Output of /tmp/gcc-b23987e/bin/gcc with -O2:
0
----------------------------------------------------
No local changes to save
HEAD is now at b23987e... tree.h (DECL_PTA_ARTIFICIAL): Remove.
[32m[     info][0m Current commit [b23987e] is good. Return value: 0

Bisecting: 4487 revisions left to test after this (roughly 12 steps)
[b718216c5ad4bc0054646d701d3b4fa67d74c96b] df-scan.c (df_get_exit-block_use_set): Always add the stack pointer to the exit block use set.
running /tmp/deduplication/scripts/r_wrongcode_gcc.sh /tmp/deduplication/benchmarks/gcc430/tc0158 small
[32m[     info][0m Testing commit: [b718216]
+---------------------------------------- Current commit hash: [b718216] ----------------------------------------+
GCC for commit [b718216] already exists. Using existing binary.
------------------Current output:-------------------
Ground truth:
0
Output of /tmp/gcc-b718216/bin/gcc with -O3:
0
Output of /tmp/gcc-b718216/bin/gcc with -O2:
0
----------------------------------------------------
No local changes to save
HEAD is now at b718216... df-scan.c (df_get_exit-block_use_set): Always add the stack pointer to the exit block use set.
[32m[     info][0m Current commit [b718216] is good. Return value: 0

Bisecting: 2243 revisions left to test after this (roughly 11 steps)
[448d2cd2f73e2e16e2bdd5c407174afebf3ed845] re PR fortran/33198 (Derived type in common: Default initializer not rejected)
running /tmp/deduplication/scripts/r_wrongcode_gcc.sh /tmp/deduplication/benchmarks/gcc430/tc0158 small
[32m[     info][0m Testing commit: [448d2cd]
+---------------------------------------- Current commit hash: [448d2cd] ----------------------------------------+
GCC for commit [448d2cd] already exists. Using existing binary.
------------------Current output:-------------------
Ground truth:
0
Output of /tmp/gcc-448d2cd/bin/gcc with -O3:
1
Output of /tmp/gcc-448d2cd/bin/gcc with -O2:
0
----------------------------------------------------
No local changes to save
HEAD is now at 448d2cd... re PR fortran/33198 (Derived type in common: Default initializer not rejected)
[32m[     info][0m Current commit [448d2cd] is bad. Return value: 1

Bisecting: 1121 revisions left to test after this (roughly 10 steps)
[6812b99bfefb741cadac6c5eba5a7446af820b62] impunit.adb: Re-organize System.Random_Numbers and GNAT.Random_Numbers and add to builds.
running /tmp/deduplication/scripts/r_wrongcode_gcc.sh /tmp/deduplication/benchmarks/gcc430/tc0158 small
[32m[     info][0m Testing commit: [6812b99]
+---------------------------------------- Current commit hash: [6812b99] ----------------------------------------+
GCC for commit [6812b99] already exists. Using existing binary.
------------------Current output:-------------------
Ground truth:
0
Output of /tmp/gcc-6812b99/bin/gcc with -O3:
0
Output of /tmp/gcc-6812b99/bin/gcc with -O2:
0
----------------------------------------------------
No local changes to save
HEAD is now at 6812b99... impunit.adb: Re-organize System.Random_Numbers and GNAT.Random_Numbers and add to builds.
[32m[     info][0m Current commit [6812b99] is good. Return value: 0

Bisecting: 560 revisions left to test after this (roughly 9 steps)
[bc211e05e3379205a808c2f2fa050ba6cc03cf22] darwin.c (machopic_indirect_data_reference): Avoid invalid sharing.
running /tmp/deduplication/scripts/r_wrongcode_gcc.sh /tmp/deduplication/benchmarks/gcc430/tc0158 small
[32m[     info][0m Testing commit: [bc211e0]
+---------------------------------------- Current commit hash: [bc211e0] ----------------------------------------+
GCC for commit [bc211e0] already exists. Using existing binary.
------------------Current output:-------------------
Ground truth:
0
Output of /tmp/gcc-bc211e0/bin/gcc with -O3:
1
Output of /tmp/gcc-bc211e0/bin/gcc with -O2:
0
----------------------------------------------------
No local changes to save
HEAD is now at bc211e0... darwin.c (machopic_indirect_data_reference): Avoid invalid sharing.
[32m[     info][0m Current commit [bc211e0] is bad. Return value: 1

Bisecting: 280 revisions left to test after this (roughly 8 steps)
[b29ee02b34c3fe06df62dae38f75b0efcfe38704] * c-pretty-print.c (pp_c_constant): Handle COMPLEX_CST.
running /tmp/deduplication/scripts/r_wrongcode_gcc.sh /tmp/deduplication/benchmarks/gcc430/tc0158 small
[32m[     info][0m Testing commit: [b29ee02]
+---------------------------------------- Current commit hash: [b29ee02] ----------------------------------------+
GCC for commit [b29ee02] already exists. Using existing binary.
------------------Current output:-------------------
Ground truth:
0
Output of /tmp/gcc-b29ee02/bin/gcc with -O3:
0
Output of /tmp/gcc-b29ee02/bin/gcc with -O2:
0
----------------------------------------------------
No local changes to save
HEAD is now at b29ee02... * c-pretty-print.c (pp_c_constant): Handle COMPLEX_CST.
[32m[     info][0m Current commit [b29ee02] is good. Return value: 0

Bisecting: 140 revisions left to test after this (roughly 7 steps)
[d4d96a5aef412d51447c9e3632c18c6107b9315c] * gcc.dg/torture/cris-asm-mof-1.c: Skip if -march defined.
running /tmp/deduplication/scripts/r_wrongcode_gcc.sh /tmp/deduplication/benchmarks/gcc430/tc0158 small
[32m[     info][0m Testing commit: [d4d96a5]
+---------------------------------------- Current commit hash: [d4d96a5] ----------------------------------------+
GCC for commit [d4d96a5] already exists. Using existing binary.
------------------Current output:-------------------
Ground truth:
0
Output of /tmp/gcc-d4d96a5/bin/gcc with -O3:
0
Output of /tmp/gcc-d4d96a5/bin/gcc with -O2:
0
----------------------------------------------------
No local changes to save
HEAD is now at d4d96a5... * gcc.dg/torture/cris-asm-mof-1.c: Skip if -march defined.
[32m[     info][0m Current commit [d4d96a5] is good. Return value: 0

Bisecting: 70 revisions left to test after this (roughly 6 steps)
[03ba2e11227bfe13580b80367feeb196035109ed] PR c++/29731 (again)
running /tmp/deduplication/scripts/r_wrongcode_gcc.sh /tmp/deduplication/benchmarks/gcc430/tc0158 small
[32m[     info][0m Testing commit: [03ba2e1]
+---------------------------------------- Current commit hash: [03ba2e1] ----------------------------------------+
GCC for commit [03ba2e1] already exists. Using existing binary.
------------------Current output:-------------------
Ground truth:
0
Output of /tmp/gcc-03ba2e1/bin/gcc with -O3:
0
Output of /tmp/gcc-03ba2e1/bin/gcc with -O2:
0
----------------------------------------------------
No local changes to save
HEAD is now at 03ba2e1... PR c++/29731 (again)
[32m[     info][0m Current commit [03ba2e1] is good. Return value: 0

Bisecting: 35 revisions left to test after this (roughly 5 steps)
[63d7383b96e8dd3e31c64ff028a340c32a76641b] Daily bump.
running /tmp/deduplication/scripts/r_wrongcode_gcc.sh /tmp/deduplication/benchmarks/gcc430/tc0158 small
[32m[     info][0m Testing commit: [63d7383]
+---------------------------------------- Current commit hash: [63d7383] ----------------------------------------+
GCC for commit [63d7383] already exists. Using existing binary.
------------------Current output:-------------------
Ground truth:
0
Output of /tmp/gcc-63d7383/bin/gcc with -O3:
0
Output of /tmp/gcc-63d7383/bin/gcc with -O2:
0
----------------------------------------------------
No local changes to save
HEAD is now at 63d7383... Daily bump.
[32m[     info][0m Current commit [63d7383] is good. Return value: 0

Bisecting: 17 revisions left to test after this (roughly 4 steps)
[5ee7f30627dfac38d5bd1b9815cf69e3844ff9c9] gcc/ 	* config/mips/mips.md (fixuns_truncdfsi2, fixuns_truncdfdi2) 	(fixuns_truncsfsi2, fixuns_truncsfdi2): Update calls to real_2expN.
running /tmp/deduplication/scripts/r_wrongcode_gcc.sh /tmp/deduplication/benchmarks/gcc430/tc0158 small
[32m[     info][0m Testing commit: [5ee7f30]
+---------------------------------------- Current commit hash: [5ee7f30] ----------------------------------------+
GCC for commit [5ee7f30] already exists. Using existing binary.
------------------Current output:-------------------
Ground truth:
0
Output of /tmp/gcc-5ee7f30/bin/gcc with -O3:
0
Output of /tmp/gcc-5ee7f30/bin/gcc with -O2:
0
----------------------------------------------------
No local changes to save
HEAD is now at 5ee7f30... gcc/ 	* config/mips/mips.md (fixuns_truncdfsi2, fixuns_truncdfdi2) 	(fixuns_truncsfsi2, fixuns_truncsfdi2): Update calls to real_2expN.
[32m[     info][0m Current commit [5ee7f30] is good. Return value: 0

Bisecting: 8 revisions left to test after this (roughly 3 steps)
[6d992de0101414504db3c2338c624aa2a0f82e3b] re PR target/33256 (internal compiler error: in print_operand_reloc, at config/mips/mips.c:5579)
running /tmp/deduplication/scripts/r_wrongcode_gcc.sh /tmp/deduplication/benchmarks/gcc430/tc0158 small
[32m[     info][0m Testing commit: [6d992de]
+---------------------------------------- Current commit hash: [6d992de] ----------------------------------------+
GCC for commit [6d992de] already exists. Using existing binary.
------------------Current output:-------------------
Ground truth:
0
Output of /tmp/gcc-6d992de/bin/gcc with -O3:
1
Output of /tmp/gcc-6d992de/bin/gcc with -O2:
0
----------------------------------------------------
No local changes to save
HEAD is now at 6d992de... re PR target/33256 (internal compiler error: in print_operand_reloc, at config/mips/mips.c:5579)
[32m[     info][0m Current commit [6d992de] is bad. Return value: 1

Bisecting: 4 revisions left to test after this (roughly 2 steps)
[5ffeb913b1a455fe79c1c116fc75f09c21194815] tree-cfg.c (remove_bb): Only warn if line is non-zero.
running /tmp/deduplication/scripts/r_wrongcode_gcc.sh /tmp/deduplication/benchmarks/gcc430/tc0158 small
[32m[     info][0m Testing commit: [5ffeb913]
+---------------------------------------- Current commit hash: [5ffeb913] ----------------------------------------+
GCC for commit [5ffeb913] already exists. Using existing binary.
------------------Current output:-------------------
Ground truth:
0
Output of /tmp/gcc-5ffeb913/bin/gcc with -O3:
1
Output of /tmp/gcc-5ffeb913/bin/gcc with -O2:
0
----------------------------------------------------
No local changes to save
HEAD is now at 5ffeb913... tree-cfg.c (remove_bb): Only warn if line is non-zero.
[32m[     info][0m Current commit [5ffeb913] is bad. Return value: 1

Bisecting: 1 revision left to test after this (roughly 1 step)
[1f5a6b84ab344b601da7284a588de810c3c53451] re PR target/33281 (gfortran crt2.o not found under Vista)
running /tmp/deduplication/scripts/r_wrongcode_gcc.sh /tmp/deduplication/benchmarks/gcc430/tc0158 small
[32m[     info][0m Testing commit: [1f5a6b8]
+---------------------------------------- Current commit hash: [1f5a6b8] ----------------------------------------+
GCC for commit [1f5a6b8] already exists. Using existing binary.
------------------Current output:-------------------
Ground truth:
0
Output of /tmp/gcc-1f5a6b8/bin/gcc with -O3:
0
Output of /tmp/gcc-1f5a6b8/bin/gcc with -O2:
0
----------------------------------------------------
No local changes to save
HEAD is now at 1f5a6b8... re PR target/33281 (gfortran crt2.o not found under Vista)
[32m[     info][0m Current commit [1f5a6b8] is good. Return value: 0

Bisecting: 0 revisions left to test after this (roughly 0 steps)
[111f1fca4d2d4e4fabf92b39c4310a3add21f29a] re PR tree-optimization/32586 (New VN misses FRE opportunities)
running /tmp/deduplication/scripts/r_wrongcode_gcc.sh /tmp/deduplication/benchmarks/gcc430/tc0158 small
[32m[     info][0m Testing commit: [111f1fc]
+---------------------------------------- Current commit hash: [111f1fc] ----------------------------------------+
GCC for commit [111f1fc] already exists. Using existing binary.
------------------Current output:-------------------
Ground truth:
0
Output of /tmp/gcc-111f1fc/bin/gcc with -O3:
1
Output of /tmp/gcc-111f1fc/bin/gcc with -O2:
0
----------------------------------------------------
No local changes to save
HEAD is now at 111f1fc... re PR tree-optimization/32586 (New VN misses FRE opportunities)
[32m[     info][0m Current commit [111f1fc] is bad. Return value: 1

111f1fca4d2d4e4fabf92b39c4310a3add21f29a is the first bad commit
commit 111f1fca4d2d4e4fabf92b39c4310a3add21f29a
Author: Richard Guenther <rguenther@suse.de>
Date:   Thu Sep 6 16:05:32 2007 +0000

    re PR tree-optimization/32586 (New VN misses FRE opportunities)
    
    2007-09-06  Richard Guenther  <rguenther@suse.de>
    
    	PR tree-optimization/32586
    	* tree-ssa-sccvn.c (simplify_binary_expression): Avoid
    	folding if nothing changed.
    	(simplify_unary_expression): New function.  Do tree combining
    	on conversion like codes.
    	(try_to_simplify): Call it.
    	* builtins.c (fold_builtin_cexp): Fold the built expressions.
    	* fold-const.c (fold_unary): Test result of get_callee_fndecl().
    
    	* g++.dg/tree-ssa/pr27090.C: Remove XFAILs.
    	* gcc.dg/tree-ssa/ssa-fre-1.c: Likewise.
    	* gcc.dg/tree-ssa/ssa-fre-3.c: Likewise.
    	* gcc.dg/tree-ssa/ssa-fre-5.c: Likewise.
    	* gcc.dg/tree-ssa/ssa-fre-4.c: Likewise, remove scan for
    	now obsolete simplification.
    
    From-SVN: r128189

:040000 040000 386bdea160cd996fc70f90879787a36156c3c4d2 b1c5672d32271badad93161c798e3a41d78c07cd M	gcc
bisect run success
[32m[     info][0m First bad commit: 111f1fc re PR tree-optimization/32586 (New VN misses FRE opportunities)
Previous HEAD position was 111f1fc... re PR tree-optimization/32586 (New VN misses FRE opportunities)
HEAD is now at fe4fefa... re PR tree-optimization/33340 (ICE: SSA corruption   with -O (FRE))

[32m[     info][0m Checking the result...
=========================================================================================================================
[32m[     info][0m Testing commit: [111f1fc]
+---------------------------------------- Current commit hash: [111f1fc] ----------------------------------------+
GCC for commit [111f1fc] already exists. Using existing binary.
------------------Current output:-------------------
Ground truth:
0
Output of /tmp/gcc-111f1fc/bin/gcc with -O3:
1
Output of /tmp/gcc-111f1fc/bin/gcc with -O2:
0
----------------------------------------------------
No local changes to save
HEAD is now at 111f1fc... re PR tree-optimization/32586 (New VN misses FRE opportunities)
[32m[     info][0m Current commit [111f1fc] is bad. Return value: 1

[32m[     info][0m Testing commit: [1f5a6b8]
+---------------------------------------- Current commit hash: [1f5a6b8] ----------------------------------------+
GCC for commit [1f5a6b8] already exists. Using existing binary.
------------------Current output:-------------------
Ground truth:
0
Output of /tmp/gcc-1f5a6b8/bin/gcc with -O3:
0
Output of /tmp/gcc-1f5a6b8/bin/gcc with -O2:
0
----------------------------------------------------
No local changes to save
HEAD is now at 1f5a6b8... re PR target/33281 (gfortran crt2.o not found under Vista)
[32m[     info][0m Current commit [1f5a6b8] is good. Return value: 0

[32m[     info][0m Bisection result is correct.
=========================================================================================================================

[32m[     info][0m Getting extra information...
=========================================================================================================================
Output of gcc [111f1fc] with -O0:
0
Output of gcc [111f1fc] with -O1:
0
Output of gcc [111f1fc] with -O2:
0
Output of gcc [111f1fc] with -O3:
1
Output of gcc [111f1fc] with -Os:
0
[32m[     info][0m Got extra information.
=========================================================================================================================
[32m[     info][0m Bisection done.
