[32m[     info][0m Compiler type: gcc
[32m[     info][0m Bad compiler: /tmp/deduplication/prebuild_compilers/gcc-4.3.0/bin/gcc
====================Ground truth & buggy output:====================
Correct output:
0
Output of gcc-4.3.0 with -O3:
1
Output of gcc-4.3.0 with -O2:
0
====================================================================
[32m[     info][0m Good version found: gcc-4.2.0
[32m[     info][0m Start Bisection...
No local changes to save
Bisecting: a merge base must be tested
[b23987ec2f0f24c38c78f7cf63c91a699da681bd] tree.h (DECL_PTA_ARTIFICIAL): Remove.
running /tmp/deduplication/scripts/r_wrongcode_gcc.sh /tmp/deduplication/benchmarks/gcc430/tc0227 small
[32m[     info][0m Testing commit: [b23987e]
+---------------------------------------- Current commit hash: [b23987e] ----------------------------------------+
GCC for commit [b23987e] already exists. Using existing binary.
------------------Current output:-------------------
Ground truth:
0
Output of /tmp/gcc-b23987e/bin/gcc with -O3:
0
Output of /tmp/gcc-b23987e/bin/gcc with -O2:
0
----------------------------------------------------
No local changes to save
HEAD is now at b23987e... tree.h (DECL_PTA_ARTIFICIAL): Remove.
[32m[     info][0m Current commit [b23987e] is good. Return value: 0

Bisecting: 4487 revisions left to test after this (roughly 12 steps)
[b718216c5ad4bc0054646d701d3b4fa67d74c96b] df-scan.c (df_get_exit-block_use_set): Always add the stack pointer to the exit block use set.
running /tmp/deduplication/scripts/r_wrongcode_gcc.sh /tmp/deduplication/benchmarks/gcc430/tc0227 small
[32m[     info][0m Testing commit: [b718216]
+---------------------------------------- Current commit hash: [b718216] ----------------------------------------+
GCC for commit [b718216] already exists. Using existing binary.
------------------Current output:-------------------
Ground truth:
0
Output of /tmp/gcc-b718216/bin/gcc with -O3:
1
Output of /tmp/gcc-b718216/bin/gcc with -O2:
0
----------------------------------------------------
No local changes to save
HEAD is now at b718216... df-scan.c (df_get_exit-block_use_set): Always add the stack pointer to the exit block use set.
[32m[     info][0m Current commit [b718216] is bad. Return value: 1

Bisecting: 2243 revisions left to test after this (roughly 11 steps)
[2b5e5642e38e17dc60ca6408f4c2bba651e1a9f7] builtins.c (fold_builtin_load_exponent): New.
running /tmp/deduplication/scripts/r_wrongcode_gcc.sh /tmp/deduplication/benchmarks/gcc430/tc0227 small
[32m[     info][0m Testing commit: [2b5e564]
+---------------------------------------- Current commit hash: [2b5e564] ----------------------------------------+
GCC for commit [2b5e564] already exists. Using existing binary.
------------------Current output:-------------------
Ground truth:
0
Output of /tmp/gcc-2b5e564/bin/gcc with -O3:
0
Output of /tmp/gcc-2b5e564/bin/gcc with -O2:
0
----------------------------------------------------
No local changes to save
HEAD is now at 2b5e564... builtins.c (fold_builtin_load_exponent): New.
[32m[     info][0m Current commit [2b5e564] is good. Return value: 0

Bisecting: 1121 revisions left to test after this (roughly 10 steps)
[a97dcb4c3690f2b6fa294c8931998c7a7daed883] warnings_are_errors_1.f90: Add -std=f95 to options.
running /tmp/deduplication/scripts/r_wrongcode_gcc.sh /tmp/deduplication/benchmarks/gcc430/tc0227 small
[32m[     info][0m Testing commit: [a97dcb4]
+---------------------------------------- Current commit hash: [a97dcb4] ----------------------------------------+
GCC for commit [a97dcb4] already exists. Using existing binary.
------------------Current output:-------------------
Ground truth:
0
Output of /tmp/gcc-a97dcb4/bin/gcc with -O3:
0
Output of /tmp/gcc-a97dcb4/bin/gcc with -O2:
0
----------------------------------------------------
No local changes to save
HEAD is now at a97dcb4... warnings_are_errors_1.f90: Add -std=f95 to options.
[32m[     info][0m Current commit [a97dcb4] is good. Return value: 0

Bisecting: 560 revisions left to test after this (roughly 9 steps)
[538639f4ab33f1a9f8c347a8f1e2369fdc4989e4] VMFrame.java (<init>): Add parameter for "this" pointer.
running /tmp/deduplication/scripts/r_wrongcode_gcc.sh /tmp/deduplication/benchmarks/gcc430/tc0227 small
[32m[     info][0m Testing commit: [538639f]
+---------------------------------------- Current commit hash: [538639f] ----------------------------------------+
GCC for commit [538639f] already exists. Using existing binary.
------------------Current output:-------------------
Ground truth:
0
Output of /tmp/gcc-538639f/bin/gcc with -O3:
1
Output of /tmp/gcc-538639f/bin/gcc with -O2:
0
----------------------------------------------------
No local changes to save
HEAD is now at 538639f... VMFrame.java (<init>): Add parameter for "this" pointer.
[32m[     info][0m Current commit [538639f] is bad. Return value: 1

Bisecting: 280 revisions left to test after this (roughly 8 steps)
[39dd88f08d3f8e69796f77aba403d5ade33df9c0] 2007-04-30  Benjamin Kosnik  <bkoz@redhat.com>
running /tmp/deduplication/scripts/r_wrongcode_gcc.sh /tmp/deduplication/benchmarks/gcc430/tc0227 small
[32m[     info][0m Testing commit: [39dd88f]
+---------------------------------------- Current commit hash: [39dd88f] ----------------------------------------+
GCC for commit [39dd88f] already exists. Using existing binary.
------------------Current output:-------------------
Ground truth:
0
Output of /tmp/gcc-39dd88f/bin/gcc with -O3:
1
Output of /tmp/gcc-39dd88f/bin/gcc with -O2:
0
----------------------------------------------------
No local changes to save
HEAD is now at 39dd88f... 2007-04-30  Benjamin Kosnik  <bkoz@redhat.com>
[32m[     info][0m Current commit [39dd88f] is bad. Return value: 1

Bisecting: 139 revisions left to test after this (roughly 7 steps)
[10e4d956c1cc45eae31573b566694339f0fa6cbe] i386.md (prefix_extra): New attribute.
running /tmp/deduplication/scripts/r_wrongcode_gcc.sh /tmp/deduplication/benchmarks/gcc430/tc0227 small
[32m[     info][0m Testing commit: [10e4d95]
+---------------------------------------- Current commit hash: [10e4d95] ----------------------------------------+
GCC for commit [10e4d95] already exists. Using existing binary.
------------------Current output:-------------------
Ground truth:
0
Output of /tmp/gcc-10e4d95/bin/gcc with -O3:
0
Output of /tmp/gcc-10e4d95/bin/gcc with -O2:
0
----------------------------------------------------
No local changes to save
HEAD is now at 10e4d95... i386.md (prefix_extra): New attribute.
[32m[     info][0m Current commit [10e4d95] is good. Return value: 0

Bisecting: 69 revisions left to test after this (roughly 6 steps)
[8931743ffe7d282a25c3d05a7493d6712f327457] ObjectStreamClass.java (ensureFieldsSet): New method.
running /tmp/deduplication/scripts/r_wrongcode_gcc.sh /tmp/deduplication/benchmarks/gcc430/tc0227 small
[32m[     info][0m Testing commit: [8931743]
+---------------------------------------- Current commit hash: [8931743] ----------------------------------------+
GCC for commit [8931743] already exists. Using existing binary.
------------------Current output:-------------------
Ground truth:
0
Output of /tmp/gcc-8931743/bin/gcc with -O3:
0
Output of /tmp/gcc-8931743/bin/gcc with -O2:
0
----------------------------------------------------
No local changes to save
HEAD is now at 8931743... ObjectStreamClass.java (ensureFieldsSet): New method.
[32m[     info][0m Current commit [8931743] is good. Return value: 0

Bisecting: 34 revisions left to test after this (roughly 5 steps)
[9898e8391f88fc5b583fc27a4d2fa3bdfd13f396] Jdwp.class: Regenerated.
running /tmp/deduplication/scripts/r_wrongcode_gcc.sh /tmp/deduplication/benchmarks/gcc430/tc0227 small
[32m[     info][0m Testing commit: [9898e83]
+---------------------------------------- Current commit hash: [9898e83] ----------------------------------------+
GCC for commit [9898e83] already exists. Using existing binary.
------------------Current output:-------------------
Ground truth:
0
Output of /tmp/gcc-9898e83/bin/gcc with -O3:
1
Output of /tmp/gcc-9898e83/bin/gcc with -O2:
0
----------------------------------------------------
No local changes to save
HEAD is now at 9898e83... Jdwp.class: Regenerated.
[32m[     info][0m Current commit [9898e83] is bad. Return value: 1

Bisecting: 17 revisions left to test after this (roughly 4 steps)
[64e8a9f04eaa5a5989607ac36c94c57d6eb9ee14] tree-ssa-forwprop.c (get_prop_dest_stmt): Fix comment typo.
running /tmp/deduplication/scripts/r_wrongcode_gcc.sh /tmp/deduplication/benchmarks/gcc430/tc0227 small
[32m[     info][0m Testing commit: [64e8a9f]
+---------------------------------------- Current commit hash: [64e8a9f] ----------------------------------------+
GCC for commit [64e8a9f] already exists. Using existing binary.
------------------Current output:-------------------
Ground truth:
0
Output of /tmp/gcc-64e8a9f/bin/gcc with -O3:
1
Output of /tmp/gcc-64e8a9f/bin/gcc with -O2:
0
----------------------------------------------------
No local changes to save
HEAD is now at 64e8a9f... tree-ssa-forwprop.c (get_prop_dest_stmt): Fix comment typo.
[32m[     info][0m Current commit [64e8a9f] is bad. Return value: 1

Bisecting: 8 revisions left to test after this (roughly 3 steps)
[468a823ba9314a5a852f4a62bc042b3a21bec119] * gcc.c-torture/execute/ieee/20000320-1.x: New.
running /tmp/deduplication/scripts/r_wrongcode_gcc.sh /tmp/deduplication/benchmarks/gcc430/tc0227 small
[32m[     info][0m Testing commit: [468a823]
+---------------------------------------- Current commit hash: [468a823] ----------------------------------------+
GCC for commit [468a823] already exists. Using existing binary.
------------------Current output:-------------------
Ground truth:
0
Output of /tmp/gcc-468a823/bin/gcc with -O3:
0
Output of /tmp/gcc-468a823/bin/gcc with -O2:
0
----------------------------------------------------
No local changes to save
HEAD is now at 468a823... * gcc.c-torture/execute/ieee/20000320-1.x: New.
[32m[     info][0m Current commit [468a823] is good. Return value: 0

Bisecting: 4 revisions left to test after this (roughly 2 steps)
[f5c3dc96c341e300248c37f76067b5a02d61bffb] re PR target/28675 (ICE in extract_insn, at recog.c:2084 (unrecognizable insn) [arm])
running /tmp/deduplication/scripts/r_wrongcode_gcc.sh /tmp/deduplication/benchmarks/gcc430/tc0227 small
[32m[     info][0m Testing commit: [f5c3dc9]
+---------------------------------------- Current commit hash: [f5c3dc9] ----------------------------------------+
GCC for commit [f5c3dc9] already exists. Using existing binary.
------------------Current output:-------------------
Ground truth:
0
Output of /tmp/gcc-f5c3dc9/bin/gcc with -O3:
1
Output of /tmp/gcc-f5c3dc9/bin/gcc with -O2:
0
----------------------------------------------------
No local changes to save
HEAD is now at f5c3dc9... re PR target/28675 (ICE in extract_insn, at recog.c:2084 (unrecognizable insn) [arm])
[32m[     info][0m Current commit [f5c3dc9] is bad. Return value: 1

Bisecting: 1 revision left to test after this (roughly 1 step)
[45e6714b9a85d47d1ed481b1d27c62528cdd805d] Daily bump.
running /tmp/deduplication/scripts/r_wrongcode_gcc.sh /tmp/deduplication/benchmarks/gcc430/tc0227 small
[32m[     info][0m Testing commit: [45e6714]
+---------------------------------------- Current commit hash: [45e6714] ----------------------------------------+
GCC for commit [45e6714] already exists. Using existing binary.
------------------Current output:-------------------
Ground truth:
0
Output of /tmp/gcc-45e6714/bin/gcc with -O3:
1
Output of /tmp/gcc-45e6714/bin/gcc with -O2:
0
----------------------------------------------------
No local changes to save
HEAD is now at 45e6714... Daily bump.
[32m[     info][0m Current commit [45e6714] is bad. Return value: 1

Bisecting: 0 revisions left to test after this (roughly 0 steps)
[672987e82f472b1a6805d451963e68dc3935a163] tree-cfgcleanup.c (cfgcleanup_altered_bbs): New global variable.
running /tmp/deduplication/scripts/r_wrongcode_gcc.sh /tmp/deduplication/benchmarks/gcc430/tc0227 small
[32m[     info][0m Testing commit: [672987e]
+---------------------------------------- Current commit hash: [672987e] ----------------------------------------+
GCC for commit [672987e] already exists. Using existing binary.
------------------Current output:-------------------
Ground truth:
0
Output of /tmp/gcc-672987e/bin/gcc with -O3:
1
Output of /tmp/gcc-672987e/bin/gcc with -O2:
0
----------------------------------------------------
No local changes to save
HEAD is now at 672987e... tree-cfgcleanup.c (cfgcleanup_altered_bbs): New global variable.
[32m[     info][0m Current commit [672987e] is bad. Return value: 1

672987e82f472b1a6805d451963e68dc3935a163 is the first bad commit
commit 672987e82f472b1a6805d451963e68dc3935a163
Author: Zdenek Dvorak <dvorakz@suse.cz>
Date:   Fri Apr 27 01:13:41 2007 +0200

    tree-cfgcleanup.c (cfgcleanup_altered_bbs): New global variable.
    
    	* tree-cfgcleanup.c (cfgcleanup_altered_bbs): New global variable.
    	(remove_fallthru_edge): Use remove_edge_and_dominated_blocks.
    	(cleanup_control_expr_graph): Do not invalidate dominance info.
    	Record altered blocks.
    	(cleanup_control_flow, cleanup_forwarder_blocks): Removed.
    	(cleanup_control_flow_bb, split_bbs_on_noreturn_calls,
    	cleanup_tree_cfg_bb): New functions.
    	(remove_forwarder_block): Do not maintain the worklist of blocks.
    	Record altered blocks.
    	(cleanup_tree_cfg_1): Iterate over cfgcleanup_altered_bbs,
    	not over whole cfg.
    	(cleanup_tree_cfg): Do not iterate cleanup_tree_cfg_1.  Only call
    	delete_unreachable_blocks if dominators are not available.
    	* tree-inline.c (optimize_inline_calls): Free dominance information
    	earlier.
    	* tree-flow.h (remove_edge_and_dominated_blocks,
    	cfgcleanup_altered_bbs): Altered.
    	* tree-cfg.c (replace_uses_by, tree_merge_blocks): Record altered
    	blocks.
    	(get_all_dominated_blocks, remove_edge_and_dominated_blocks): New
    	functions.
    	(tree_purge_dead_eh_edges): Use remove_edge_and_dominated_blocks,
    	do not invalidate dominators.
    
    From-SVN: r124203

:040000 040000 daed258aaf0c9427d4b43edc4f48801a357de272 9551fc58d8a2bbb891fd62b68f9c24532aca01d4 M	gcc
bisect run success
[32m[     info][0m First bad commit: 672987e tree-cfgcleanup.c (cfgcleanup_altered_bbs): New global variable.
Previous HEAD position was 672987e... tree-cfgcleanup.c (cfgcleanup_altered_bbs): New global variable.
HEAD is now at 870aa1e... re PR middle-end/30322 (((-i-1) + i) +1) is turned into ~i + (i+1) and never into 0 on the tree level)

[32m[     info][0m Checking the result...
=========================================================================================================================
[32m[     info][0m Testing commit: [672987e]
+---------------------------------------- Current commit hash: [672987e] ----------------------------------------+
GCC for commit [672987e] already exists. Using existing binary.
------------------Current output:-------------------
Ground truth:
0
Output of /tmp/gcc-672987e/bin/gcc with -O3:
1
Output of /tmp/gcc-672987e/bin/gcc with -O2:
0
----------------------------------------------------
No local changes to save
HEAD is now at 672987e... tree-cfgcleanup.c (cfgcleanup_altered_bbs): New global variable.
[32m[     info][0m Current commit [672987e] is bad. Return value: 1

[32m[     info][0m Testing commit: [468a823]
+---------------------------------------- Current commit hash: [468a823] ----------------------------------------+
GCC for commit [468a823] already exists. Using existing binary.
------------------Current output:-------------------
Ground truth:
0
Output of /tmp/gcc-468a823/bin/gcc with -O3:
0
Output of /tmp/gcc-468a823/bin/gcc with -O2:
0
----------------------------------------------------
No local changes to save
HEAD is now at 468a823... * gcc.c-torture/execute/ieee/20000320-1.x: New.
[32m[     info][0m Current commit [468a823] is good. Return value: 0

[32m[     info][0m Bisection result is correct.
=========================================================================================================================

[32m[     info][0m Getting extra information...
=========================================================================================================================
Output of gcc [672987e] with -O0:
0
Output of gcc [672987e] with -O1:
0
Output of gcc [672987e] with -O2:
0
Output of gcc [672987e] with -O3:
1
Output of gcc [672987e] with -Os:
0
[32m[     info][0m Got extra information.
=========================================================================================================================
[32m[     info][0m Bisection done.
