[32m[     info][0m Compiler type: llvm
[32m[     info][0m Bad compiler: /tmp/deduplication/prebuild_compilers/llvm-2.8.0/bin/clang
====================Ground truth & buggy output:====================
Correct output:
0
Output of llvm-2.8.0 with -Os:
4
Output of llvm-2.8.0 with -O0:
0
====================================================================
[32m[     info][0m Good version found: llvm-2.6.0
[32m[     info][0m Start Bisection...
Removing llvm/tools/clang/
No local changes to save
Bisecting: a merge base must be tested
[56d60eaa616498200d8090f45c2602e42e7c5385] revert r79708 + r79711
running /tmp/deduplication/scripts/r_wrongcode_llvm.sh /tmp/deduplication/benchmarks/llvm280/95 small
[32m[     info][0m Testing commit: [56d60ea]
+---------------------------------------- Current commit hash: [56d60ea] ----------------------------------------+
[32m[     info][0m LLVM with commit [56d60ea] already built. Use existing binary.
------------------Current output:-------------------
Ground truth:
0
Output of /tmp/llvm-56d60ea/bin/clang with -Os:
0
Output of /tmp/llvm-56d60ea/bin/clang with -O0:
0
----------------------------------------------------
[32m[     info][0m Current commit [56d60ea] is good. Return value: 0

Bisecting: 12261 revisions left to test after this (roughly 14 steps)
[56ec7895210b6b488d9915963927489085000278] fix two bugs in OPC_EmitRegister, which makes ppc happier.
running /tmp/deduplication/scripts/r_wrongcode_llvm.sh /tmp/deduplication/benchmarks/llvm280/95 small
[32m[     info][0m Testing commit: [56ec789]
+---------------------------------------- Current commit hash: [56ec789] ----------------------------------------+
[32m[     info][0m LLVM with commit [56ec789] already built. Use existing binary.
------------------Current output:-------------------
Ground truth:
0
Output of /tmp/llvm-56ec789/bin/clang with -Os:
0
Output of /tmp/llvm-56ec789/bin/clang with -O0:
0
----------------------------------------------------
[32m[     info][0m Current commit [56ec789] is good. Return value: 0

Bisecting: 6130 revisions left to test after this (roughly 13 steps)
[4cdcf59c6d00f049df1416bccbeac2a23bdd287c] Testing commit access.
running /tmp/deduplication/scripts/r_wrongcode_llvm.sh /tmp/deduplication/benchmarks/llvm280/95 small
[32m[     info][0m Testing commit: [4cdcf59]
+---------------------------------------- Current commit hash: [4cdcf59] ----------------------------------------+
[32m[     info][0m LLVM with commit [4cdcf59] already built. Use existing binary.
------------------Current output:-------------------
Ground truth:
0
Output of /tmp/llvm-4cdcf59/bin/clang with -Os:
0
Output of /tmp/llvm-4cdcf59/bin/clang with -O0:
0
----------------------------------------------------
[32m[     info][0m Current commit [4cdcf59] is good. Return value: 0

Bisecting: 3065 revisions left to test after this (roughly 12 steps)
[268b576b723810d06e971f7f49b6723da256d429] Mangle enum constant expressions.  Fixes rdar://problem/8204122
running /tmp/deduplication/scripts/r_wrongcode_llvm.sh /tmp/deduplication/benchmarks/llvm280/95 small
[32m[     info][0m Testing commit: [268b576]
+---------------------------------------- Current commit hash: [268b576] ----------------------------------------+
[32m[     info][0m LLVM with commit [268b576] already built. Use existing binary.
------------------Current output:-------------------
Ground truth:
0
Output of /tmp/llvm-268b576/bin/clang with -Os:
0
Output of /tmp/llvm-268b576/bin/clang with -O0:
0
----------------------------------------------------
[32m[     info][0m Current commit [268b576] is good. Return value: 0

Bisecting: 1532 revisions left to test after this (roughly 11 steps)
[2a2a468d1aabd8c72f903415bb67616658bfdc70] zap dead code.
running /tmp/deduplication/scripts/r_wrongcode_llvm.sh /tmp/deduplication/benchmarks/llvm280/95 small
[32m[     info][0m Testing commit: [2a2a468]
+---------------------------------------- Current commit hash: [2a2a468] ----------------------------------------+
[32m[     info][0m LLVM with commit [2a2a468] already built. Use existing binary.
------------------Current output:-------------------
Ground truth:
0
Output of /tmp/llvm-2a2a468/bin/clang with -Os:
4
Output of /tmp/llvm-2a2a468/bin/clang with -O0:
0
----------------------------------------------------
[32m[     info][0m Current commit [2a2a468] is bad. Return value: 1

Bisecting: 766 revisions left to test after this (roughly 10 steps)
[c503e784c7c8b27912c6aedf989023576ac5a959] Fixed namespace issues that were breaking the SWIG wrappers on a non-internal SnowLeopard system.
running /tmp/deduplication/scripts/r_wrongcode_llvm.sh /tmp/deduplication/benchmarks/llvm280/95 small
[32m[     info][0m Testing commit: [c503e78]
+---------------------------------------- Current commit hash: [c503e78] ----------------------------------------+
[32m[     info][0m LLVM with commit [c503e78] already built. Use existing binary.
