[32m[     info][0m Compiler type: llvm
[32m[     info][0m Bad compiler: /tmp/deduplication/prebuild_compilers/llvm-2.8.0/bin/clang
====================Ground truth & buggy output:====================
Correct output:
0
0
0
-1
0
0
0
0
-1
0
0
0
0
0
0
Output of llvm-2.8.0 with -O3:
0
0
0
-1
0
0
0
0
-1
0
0
0
0
-1
0
Output of llvm-2.8.0 with -Os:
0
0
0
-1
0
0
0
0
-1
0
0
0
0
0
0
====================================================================
[32m[     info][0m Good version found: llvm-2.6.0
[32m[     info][0m Start Bisection...
Removing llvm/tools/clang/
No local changes to save
Bisecting: a merge base must be tested
[56d60eaa616498200d8090f45c2602e42e7c5385] revert r79708 + r79711
running /tmp/deduplication/scripts/r_wrongcode_llvm.sh /tmp/deduplication/benchmarks/llvm280/68 small
[32m[     info][0m Testing commit: [56d60ea]
+---------------------------------------- Current commit hash: [56d60ea] ----------------------------------------+
[32m[     info][0m LLVM with commit [56d60ea] already built. Use existing binary.
------------------Current output:-------------------
Ground truth:
0
0
0
-1
0
0
0
0
-1
0
0
0
0
0
0
Output of /tmp/llvm-56d60ea/bin/clang with -O3:
0
0
0
-1
0
0
0
0
-1
0
0
0
0
0
0
Output of /tmp/llvm-56d60ea/bin/clang with -Os:
0
0
0
-1
0
0
0
0
-1
0
0
0
0
0
0
----------------------------------------------------
[32m[     info][0m Current commit [56d60ea] is good. Return value: 0

Bisecting: 12261 revisions left to test after this (roughly 14 steps)
[56ec7895210b6b488d9915963927489085000278] fix two bugs in OPC_EmitRegister, which makes ppc happier.
running /tmp/deduplication/scripts/r_wrongcode_llvm.sh /tmp/deduplication/benchmarks/llvm280/68 small
[32m[     info][0m Testing commit: [56ec789]
+---------------------------------------- Current commit hash: [56ec789] ----------------------------------------+
[32m[     info][0m LLVM with commit [56ec789] already built. Use existing binary.
------------------Current output:-------------------
Ground truth:
0
0
0
-1
0
0
0
0
-1
0
0
0
0
0
0
Output of /tmp/llvm-56ec789/bin/clang with -O3:
0
0
0
-1
0
0
0
0
-1
0
0
0
0
-1
0
Output of /tmp/llvm-56ec789/bin/clang with -Os:
0
0
0
-1
0
0
0
0
-1
0
0
0
0
0
0
----------------------------------------------------
[32m[     info][0m Current commit [56ec789] is bad. Return value: 1

Bisecting: 6130 revisions left to test after this (roughly 13 steps)
[1e3609f6c48d4908773478c7e7b99ec3026886eb] Do not enter forward class 'Protocol' in decl context. Will do it later. Fixes pr5552.
running /tmp/deduplication/scripts/r_wrongcode_llvm.sh /tmp/deduplication/benchmarks/llvm280/68 small
[32m[     info][0m Testing commit: [1e3609f]
+---------------------------------------- Current commit hash: [1e3609f] ----------------------------------------+
[32m[     info][0m LLVM with commit [1e3609f] already built. Use existing binary.
------------------Current output:-------------------
Ground truth:
0
0
0
-1
0
0
0
0
-1
0
0
0
0
0
0
Output of /tmp/llvm-1e3609f/bin/clang with -O3:
0
0
0
-1
0
0
0
0
-1
0
0
0
0
0
0
Output of /tmp/llvm-1e3609f/bin/clang with -Os:
0
0
0
-1
0
0
0
0
-1
0
0
0
0
0
0
----------------------------------------------------
[32m[     info][0m Current commit [1e3609f] is good. Return value: 0

Bisecting: 3065 revisions left to test after this (roughly 12 steps)
[32b79317a27600787442aa55a58608371d6beda6] More crashtracer enhancements to CIndex.  When "popping" a crashtracer string restore to the one most recently created.
running /tmp/deduplication/scripts/r_wrongcode_llvm.sh /tmp/deduplication/benchmarks/llvm280/68 small
[32m[     info][0m Testing commit: [32b7931]
+---------------------------------------- Current commit hash: [32b7931] ----------------------------------------+
[32m[     info][0m LLVM with commit [32b7931] already built. Use existing binary.
------------------Current output:-------------------
Ground truth:
0
0
0
-1
0
0
0
0
-1
0
0
0
0
0
0
Output of /tmp/llvm-32b7931/bin/clang with -O3:
0
0
0
-1
0
0
0
0
-1
0
0
0
0
-1
0
Output of /tmp/llvm-32b7931/bin/clang with -Os:
0
0
0
-1
0
0
0
0
-1
0
0
0
0
0
0
----------------------------------------------------
[32m[     info][0m Current commit [32b7931] is bad. Return value: 1

Bisecting: 1532 revisions left to test after this (roughly 11 steps)
[84ba039cf22f214942d4139c70eb764c9307b6a4] Make getUniqueExitBlocks's precondition assert more precise, to avoid spurious failures. This fixes PR5758.
running /tmp/deduplication/scripts/r_wrongcode_llvm.sh /tmp/deduplication/benchmarks/llvm280/68 small
[32m[     info][0m Testing commit: [84ba039]
+---------------------------------------- Current commit hash: [84ba039] ----------------------------------------+
[32m[     info][0m LLVM with commit [84ba039] already built. Use existing binary.
------------------Current output:-------------------
Ground truth:
0
0
0
-1
0
0
0
0
-1
0
0
0
0
0
0
Output of /tmp/llvm-84ba039/bin/clang with -O3:
0
0
0
-1
0
0
0
0
-1
0
0
0
0
-1
0
Output of /tmp/llvm-84ba039/bin/clang with -Os:
0
0
0
-1
0
0
0
0
-1
0
0
0
0
0
0
----------------------------------------------------
[32m[     info][0m Current commit [84ba039] is bad. Return value: 1

Bisecting: 765 revisions left to test after this (roughly 10 steps)
[1bd582330080d737667537eae7812d121e164d3a] Clean up BuiltinBug class.
running /tmp/deduplication/scripts/r_wrongcode_llvm.sh /tmp/deduplication/benchmarks/llvm280/68 small
[32m[     info][0m Testing commit: [1bd5823]
+---------------------------------------- Current commit hash: [1bd5823] ----------------------------------------+
[32m[     info][0m LLVM with commit [1bd5823] already built. Use existing binary.
------------------Current output:-------------------
Ground truth:
0
0
0
-1
0
0
0
0
-1
0
0
0
0
0
0
Output of /tmp/llvm-1bd5823/bin/clang with -O3:
0
0
0
-1
0
0
0
0
-1
0
0
0
0
-1
0
Output of /tmp/llvm-1bd5823/bin/clang with -Os:
0
0
0
-1
0
0
0
0
-1
0
0
0
0
0
0
----------------------------------------------------
[32m[     info][0m Current commit [1bd5823] is bad. Return value: 1

Bisecting: 382 revisions left to test after this (roughly 9 steps)
[644577327904bd0b461c46051744779da95a80b0] It is common for vtables to contain pointers to functions that have either incomplete return types or incomplete argument types.
running /tmp/deduplication/scripts/r_wrongcode_llvm.sh /tmp/deduplication/benchmarks/llvm280/68 small
[32m[     info][0m Testing commit: [6445773]
+---------------------------------------- Current commit hash: [6445773] ----------------------------------------+
[32m[     info][0m LLVM with commit [6445773] already built. Use existing binary.
------------------Current output:-------------------
Ground truth:
0
0
0
-1
0
0
0
0
-1
0
0
0
0
0
0
Output of /tmp/llvm-6445773/bin/clang with -O3:
0
0
0
-1
0
0
0
0
-1
0
0
0
0
0
0
Output of /tmp/llvm-6445773/bin/clang with -Os:
0
0
0
-1
0
0
0
0
-1
0
0
0
0
0
0
----------------------------------------------------
[32m[     info][0m Current commit [6445773] is good. Return value: 0

Bisecting: 191 revisions left to test after this (roughly 8 steps)
[5030c6ab21fe0f8af3868865a2396c01c213904e] teach phi translation of GEPs to simplify geps like 'gep x, 0'. This allows us to compile the example from PR5313 into:
running /tmp/deduplication/scripts/r_wrongcode_llvm.sh /tmp/deduplication/benchmarks/llvm280/68 small
[32m[     info][0m Testing commit: [5030c6a]
+---------------------------------------- Current commit hash: [5030c6a] ----------------------------------------+
[32m[     info][0m LLVM with commit [5030c6a] already built. Use existing binary.
------------------Current output:-------------------
Ground truth:
0
0
0
-1
0
0
0
0
-1
0
0
0
0
0
0
Output of /tmp/llvm-5030c6a/bin/clang with -O3:
0
0
0
-1
0
0
0
0
-1
0
0
0
0
-1
0
Output of /tmp/llvm-5030c6a/bin/clang with -Os:
0
0
0
-1
0
0
0
0
-1
0
0
0
0
0
0
----------------------------------------------------
[32m[     info][0m Current commit [5030c6a] is bad. Return value: 1

Bisecting: 95 revisions left to test after this (roughly 7 steps)
[120f729ecafcaaacbea610655cd80fdd92d78bd7] Based on the testcase for pr3120, running on my MacPro with Xeon processors, it is definitely profitable to tail duplicate indirect branches for x86. This is likely to be true to various degrees for all modern x86 processors.
running /tmp/deduplication/scripts/r_wrongcode_llvm.sh /tmp/deduplication/benchmarks/llvm280/68 small
[32m[     info][0m Testing commit: [120f729]
+---------------------------------------- Current commit hash: [120f729] ----------------------------------------+
[32m[     info][0m LLVM with commit [120f729] already built. Use existing binary.
------------------Current output:-------------------
Ground truth:
0
0
0
-1
0
0
0
0
-1
0
0
0
0
0
0
Output of /tmp/llvm-120f729/bin/clang with -O3:
0
0
0
-1
0
0
0
0
-1
0
0
0
0
0
0
Output of /tmp/llvm-120f729/bin/clang with -Os:
0
0
0
-1
0
0
0
0
-1
0
0
0
0
0
0
----------------------------------------------------
[32m[     info][0m Current commit [120f729] is good. Return value: 0

Bisecting: 47 revisions left to test after this (roughly 6 steps)
[3378b610ae09d897283eec2e3646e573f2fb600c] Add iterators to BlockDataRegion that allow clients to iterate over the VarRegions for "captured" variables for a block.
running /tmp/deduplication/scripts/r_wrongcode_llvm.sh /tmp/deduplication/benchmarks/llvm280/68 small
[32m[     info][0m Testing commit: [3378b61]
+---------------------------------------- Current commit hash: [3378b61] ----------------------------------------+
[32m[     info][0m LLVM with commit [3378b61] already built. Use existing binary.
------------------Current output:-------------------
Ground truth:
0
0
0
-1
0
0
0
0
-1
0
0
0
0
0
0
Output of /tmp/llvm-3378b61/bin/clang with -O3:
0
0
0
-1
0
0
0
0
-1
0
0
0
0
0
0
Output of /tmp/llvm-3378b61/bin/clang with -Os:
0
0
0
-1
0
0
0
0
-1
0
0
0
0
0
0
----------------------------------------------------
[32m[     info][0m Current commit [3378b61] is good. Return value: 0

Bisecting: 23 revisions left to test after this (roughly 5 steps)
[ba0014a44c4f277c51c022facd9d17ac82f251d5] update status of this.  basicaa is much improved now, only missing the one form (in this testcase).  Dan, do you consider this example to be important?
running /tmp/deduplication/scripts/r_wrongcode_llvm.sh /tmp/deduplication/benchmarks/llvm280/68 small
[32m[     info][0m Testing commit: [ba0014a]
+---------------------------------------- Current commit hash: [ba0014a] ----------------------------------------+
[32m[     info][0m LLVM with commit [ba0014a] already built. Use existing binary.
------------------Current output:-------------------
Ground truth:
0
0
0
-1
0
0
0
0
-1
0
0
0
0
0
0
Output of /tmp/llvm-ba0014a/bin/clang with -O3:
0
0
0
-1
0
0
0
0
-1
0
0
0
0
0
0
Output of /tmp/llvm-ba0014a/bin/clang with -Os:
0
0
0
-1
0
0
0
0
-1
0
0
0
0
0
0
----------------------------------------------------
[32m[     info][0m Current commit [ba0014a] is good. Return value: 0

Bisecting: 11 revisions left to test after this (roughly 4 steps)
[9594db569370bfd662add61f22ccd6d10aa5a1b2] Rename new TailDuplicationPass to avoid name conflict with the old one.
running /tmp/deduplication/scripts/r_wrongcode_llvm.sh /tmp/deduplication/benchmarks/llvm280/68 small
[32m[     info][0m Testing commit: [9594db5]
+---------------------------------------- Current commit hash: [9594db5] ----------------------------------------+
[32m[     info][0m LLVM with commit [9594db5] already built. Use existing binary.
------------------Current output:-------------------
Ground truth:
0
0
0
-1
0
0
0
0
-1
0
0
0
0
0
0
Output of /tmp/llvm-9594db5/bin/clang with -O3:
0
0
0
-1
0
0
0
0
-1
0
0
0
0
-1
0
Output of /tmp/llvm-9594db5/bin/clang with -Os:
0
0
0
-1
0
0
0
0
-1
0
0
0
0
0
0
----------------------------------------------------
[32m[     info][0m Current commit [9594db5] is bad. Return value: 1

Bisecting: 5 revisions left to test after this (roughly 3 steps)
[1bf7ff704a27637fca7f004b735fb0e88429b1fc] Implement PR1143 (at -m64) by making basicaa look through extensions.  We previously already handled it at -m32 because there were no i32->i64 extensions for addressing.
running /tmp/deduplication/scripts/r_wrongcode_llvm.sh /tmp/deduplication/benchmarks/llvm280/68 small
[32m[     info][0m Testing commit: [1bf7ff7]
+---------------------------------------- Current commit hash: [1bf7ff7] ----------------------------------------+
[32m[     info][0m LLVM with commit [1bf7ff7] already built. Use existing binary.
------------------Current output:-------------------
Ground truth:
0
0
0
-1
0
0
0
0
-1
0
0
0
0
0
0
Output of /tmp/llvm-1bf7ff7/bin/clang with -O3:
0
0
0
-1
0
0
0
0
-1
0
0
0
0
-1
0
Output of /tmp/llvm-1bf7ff7/bin/clang with -Os:
0
0
0
-1
0
0
0
0
-1
0
0
0
0
0
0
----------------------------------------------------
[32m[     info][0m Current commit [1bf7ff7] is bad. Return value: 1

Bisecting: 2 revisions left to test after this (roughly 2 steps)
[29f82a1465c4541eefb051111e169c29be129790] move DecomposeGEPExpression out into ValueTracking.cpp
running /tmp/deduplication/scripts/r_wrongcode_llvm.sh /tmp/deduplication/benchmarks/llvm280/68 small
[32m[     info][0m Testing commit: [29f82a1]
+---------------------------------------- Current commit hash: [29f82a1] ----------------------------------------+
[32m[     info][0m LLVM with commit [29f82a1] already built. Use existing binary.
------------------Current output:-------------------
Ground truth:
0
0
0
-1
0
0
0
0
-1
0
0
0
0
0
0
Output of /tmp/llvm-29f82a1/bin/clang with -O3:
0
0
0
-1
0
0
0
0
-1
0
0
0
0
-1
0
Output of /tmp/llvm-29f82a1/bin/clang with -Os:
0
0
0
-1
0
0
0
0
-1
0
0
0
0
0
0
----------------------------------------------------
[32m[     info][0m Current commit [29f82a1] is bad. Return value: 1

Bisecting: 0 revisions left to test after this (roughly 1 step)
[631c5b2cb98f8c2baa5012a02a2368edcf3c3f16] teach GetLinearExpression to be a bit more aggressive.
running /tmp/deduplication/scripts/r_wrongcode_llvm.sh /tmp/deduplication/benchmarks/llvm280/68 small
[32m[     info][0m Testing commit: [631c5b2]
+---------------------------------------- Current commit hash: [631c5b2] ----------------------------------------+
[32m[     info][0m LLVM with commit [631c5b2] already built. Use existing binary.
------------------Current output:-------------------
Ground truth:
0
0
0
-1
0
0
0
0
-1
0
0
0
0
0
0
Output of /tmp/llvm-631c5b2/bin/clang with -O3:
0
0
0
-1
0
0
0
0
-1
0
0
0
0
-1
0
Output of /tmp/llvm-631c5b2/bin/clang with -Os:
0
0
0
-1
0
0
0
0
-1
0
0
0
0
0
0
----------------------------------------------------
[32m[     info][0m Current commit [631c5b2] is bad. Return value: 1

Bisecting: 0 revisions left to test after this (roughly 0 steps)
[5c1cfc252cb9e07c82e9226cd5821e26312091d8] resolve a fixme.  I haven't figured out how to write a testcase to exercise this though.
running /tmp/deduplication/scripts/r_wrongcode_llvm.sh /tmp/deduplication/benchmarks/llvm280/68 small
[32m[     info][0m Testing commit: [5c1cfc2]
+---------------------------------------- Current commit hash: [5c1cfc2] ----------------------------------------+
[32m[     info][0m LLVM with commit [5c1cfc2] already built. Use existing binary.
------------------Current output:-------------------
Ground truth:
0
0
0
-1
0
0
0
0
-1
0
0
0
0
0
0
Output of /tmp/llvm-5c1cfc2/bin/clang with -O3:
0
0
0
-1
0
0
0
0
-1
0
0
0
0
0
0
Output of /tmp/llvm-5c1cfc2/bin/clang with -Os:
0
0
0
-1
0
0
0
0
-1
0
0
0
0
0
0
----------------------------------------------------
[32m[     info][0m Current commit [5c1cfc2] is good. Return value: 0

631c5b2cb98f8c2baa5012a02a2368edcf3c3f16 is the first bad commit
commit 631c5b2cb98f8c2baa5012a02a2368edcf3c3f16
Author: Chris Lattner <sabre@nondot.org>
Date:   Thu Nov 26 17:00:01 2009 +0000

    teach GetLinearExpression to be a bit more aggressive.
    
    llvm-svn: 89955

:040000 040000 0fdeb90a43da535273c84330c72586f01d479be8 8c8529546823fbbf152c116bd9e5d7389cb91f85 M	llvm
bisect run success
[32m[     info][0m First bad commit: 631c5b2 teach GetLinearExpression to be a bit more aggressive.
Previous HEAD position was 5c1cfc2... resolve a fixme.  I haven't figured out how to write a testcase to exercise this though.
HEAD is now at c76493a... Don't pass false (default) for isVolatile parameter to CreateLoad.

[32m[     info][0m Checking the result...
=========================================================================================================================
[32m[     info][0m Testing commit: [631c5b2]
+---------------------------------------- Current commit hash: [631c5b2] ----------------------------------------+
[32m[     info][0m LLVM with commit [631c5b2] already built. Use existing binary.
------------------Current output:-------------------
Ground truth:
0
0
0
-1
0
0
0
0
-1
0
0
0
0
0
0
Output of /tmp/llvm-631c5b2/bin/clang with -O3:
0
0
0
-1
0
0
0
0
-1
0
0
0
0
-1
0
Output of /tmp/llvm-631c5b2/bin/clang with -Os:
0
0
0
-1
0
0
0
0
-1
0
0
0
0
0
0
----------------------------------------------------
[32m[     info][0m Current commit [631c5b2] is bad. Return value: 1

[32m[     info][0m Testing commit: [5c1cfc2]
+---------------------------------------- Current commit hash: [5c1cfc2] ----------------------------------------+
[32m[     info][0m LLVM with commit [5c1cfc2] already built. Use existing binary.
------------------Current output:-------------------
Ground truth:
0
0
0
-1
0
0
0
0
-1
0
0
0
0
0
0
Output of /tmp/llvm-5c1cfc2/bin/clang with -O3:
0
0
0
-1
0
0
0
0
-1
0
0
0
0
0
0
Output of /tmp/llvm-5c1cfc2/bin/clang with -Os:
0
0
0
-1
0
0
0
0
-1
0
0
0
0
0
0
----------------------------------------------------
[32m[     info][0m Current commit [5c1cfc2] is good. Return value: 0

[32m[     info][0m Bisection result is correct.
=========================================================================================================================

[32m[     info][0m Getting extra information...
=========================================================================================================================
Output of llvm [631c5b2] with -O0:
0
0
0
-1
0
0
0
0
-1
0
0
0
0
0
0
Output of llvm [631c5b2] with -O1:
0
0
0
-1
0
0
0
0
-1
0
0
0
0
0
0
Output of llvm [631c5b2] with -O2:
0
0
0
-1
0
0
0
0
-1
0
0
0
0
-1
0
Output of llvm [631c5b2] with -O3:
0
0
0
-1
0
0
0
0
-1
0
0
0
0
-1
0
Output of llvm [631c5b2] with -Os:
0
0
0
-1
0
0
0
0
-1
0
0
0
0
0
0
[32m[     info][0m Got extra information.
=========================================================================================================================
[32m[     info][0m Bisection done.
