[32m[     info][0m Compiler type: gcc
[32m[     info][0m Bad compiler: /tmp/deduplication/prebuild_compilers/gcc-4.3.0/bin/gcc
====================Ground truth & buggy output:====================
Correct output:
0
Output of gcc-4.3.0 with -O1:
1
Output of gcc-4.3.0 with -O0:
0
====================================================================
[32m[     info][0m Good version found: gcc-4.2.0
[32m[     info][0m Start Bisection...
No local changes to save
Bisecting: a merge base must be tested
[b23987ec2f0f24c38c78f7cf63c91a699da681bd] tree.h (DECL_PTA_ARTIFICIAL): Remove.
running /tmp/deduplication/scripts/r_wrongcode_gcc.sh /tmp/deduplication/benchmarks/gcc430/tc0376 small
[32m[     info][0m Testing commit: [b23987e]
+---------------------------------------- Current commit hash: [b23987e] ----------------------------------------+
GCC for commit [b23987e] already exists. Using existing binary.
------------------Current output:-------------------
Ground truth:
0
Output of /tmp/gcc-b23987e/bin/gcc with -O1:
0
Output of /tmp/gcc-b23987e/bin/gcc with -O0:
0
----------------------------------------------------
No local changes to save
HEAD is now at b23987e... tree.h (DECL_PTA_ARTIFICIAL): Remove.
[32m[     info][0m Current commit [b23987e] is good. Return value: 0

Bisecting: 4487 revisions left to test after this (roughly 12 steps)
[b718216c5ad4bc0054646d701d3b4fa67d74c96b] df-scan.c (df_get_exit-block_use_set): Always add the stack pointer to the exit block use set.
running /tmp/deduplication/scripts/r_wrongcode_gcc.sh /tmp/deduplication/benchmarks/gcc430/tc0376 small
[32m[     info][0m Testing commit: [b718216]
+---------------------------------------- Current commit hash: [b718216] ----------------------------------------+
GCC for commit [b718216] already exists. Using existing binary.
------------------Current output:-------------------
Ground truth:
0
Output of /tmp/gcc-b718216/bin/gcc with -O1:
1
Output of /tmp/gcc-b718216/bin/gcc with -O0:
0
----------------------------------------------------
No local changes to save
HEAD is now at b718216... df-scan.c (df_get_exit-block_use_set): Always add the stack pointer to the exit block use set.
[32m[     info][0m Current commit [b718216] is bad. Return value: 1

Bisecting: 2243 revisions left to test after this (roughly 11 steps)
[2b5e5642e38e17dc60ca6408f4c2bba651e1a9f7] builtins.c (fold_builtin_load_exponent): New.
running /tmp/deduplication/scripts/r_wrongcode_gcc.sh /tmp/deduplication/benchmarks/gcc430/tc0376 small
[32m[     info][0m Testing commit: [2b5e564]
+---------------------------------------- Current commit hash: [2b5e564] ----------------------------------------+
GCC for commit [2b5e564] already exists. Using existing binary.
------------------Current output:-------------------
Ground truth:
0
Output of /tmp/gcc-2b5e564/bin/gcc with -O1:
1
Output of /tmp/gcc-2b5e564/bin/gcc with -O0:
0
----------------------------------------------------
No local changes to save
HEAD is now at 2b5e564... builtins.c (fold_builtin_load_exponent): New.
[32m[     info][0m Current commit [2b5e564] is bad. Return value: 1

Bisecting: 1121 revisions left to test after this (roughly 10 steps)
[af71363e455f4c60cf98f5ef42b4ddd8daedabd3] * configure: Regenerate with correct autoconf version.
running /tmp/deduplication/scripts/r_wrongcode_gcc.sh /tmp/deduplication/benchmarks/gcc430/tc0376 small
[32m[     info][0m Testing commit: [af71363]
+---------------------------------------- Current commit hash: [af71363] ----------------------------------------+
GCC for commit [af71363] already exists. Using existing binary.
------------------Current output:-------------------
Ground truth:
0
Output of /tmp/gcc-af71363/bin/gcc with -O1:
0
Output of /tmp/gcc-af71363/bin/gcc with -O0:
0
----------------------------------------------------
No local changes to save
HEAD is now at af71363... * configure: Regenerate with correct autoconf version.
[32m[     info][0m Current commit [af71363] is good. Return value: 0

Bisecting: 560 revisions left to test after this (roughly 9 steps)
[cf227303461b367efbb57f7e4f9425c3f15f1132] pr23382.c: Avoid DCE from eliminating dead variable.
running /tmp/deduplication/scripts/r_wrongcode_gcc.sh /tmp/deduplication/benchmarks/gcc430/tc0376 small
[32m[     info][0m Testing commit: [cf227303]
+---------------------------------------- Current commit hash: [cf227303] ----------------------------------------+
GCC for commit [cf227303] already exists. Using existing binary.
------------------Current output:-------------------
Ground truth:
0
Output of /tmp/gcc-cf227303/bin/gcc with -O1:
0
Output of /tmp/gcc-cf227303/bin/gcc with -O0:
0
----------------------------------------------------
No local changes to save
HEAD is now at cf227303... pr23382.c: Avoid DCE from eliminating dead variable.
[32m[     info][0m Current commit [cf227303] is good. Return value: 0

Bisecting: 280 revisions left to test after this (roughly 8 steps)
[7f1c6e93a9fcb03aea38e9cff175e855776f1997] testsuite/Makefile.am (compile-tests): Fix typo.
running /tmp/deduplication/scripts/r_wrongcode_gcc.sh /tmp/deduplication/benchmarks/gcc430/tc0376 small
[32m[     info][0m Testing commit: [7f1c6e9]
+---------------------------------------- Current commit hash: [7f1c6e9] ----------------------------------------+
GCC for commit [7f1c6e9] already exists. Using existing binary.
------------------Current output:-------------------
Ground truth:
0
Output of /tmp/gcc-7f1c6e9/bin/gcc with -O1:
1
Output of /tmp/gcc-7f1c6e9/bin/gcc with -O0:
0
----------------------------------------------------
No local changes to save
HEAD is now at 7f1c6e9... testsuite/Makefile.am (compile-tests): Fix typo.
[32m[     info][0m Current commit [7f1c6e9] is bad. Return value: 1

Bisecting: 139 revisions left to test after this (roughly 7 steps)
[e4cf973dd9cccacb662af8c4f9ed5aa35573074a] * gcj.texi (Strings): Fix documentation for JvNewString.
running /tmp/deduplication/scripts/r_wrongcode_gcc.sh /tmp/deduplication/benchmarks/gcc430/tc0376 small
[32m[     info][0m Testing commit: [e4cf973]
+---------------------------------------- Current commit hash: [e4cf973] ----------------------------------------+
GCC for commit [e4cf973] already exists. Using existing binary.
------------------Current output:-------------------
Ground truth:
0
Output of /tmp/gcc-e4cf973/bin/gcc with -O1:
1
Output of /tmp/gcc-e4cf973/bin/gcc with -O0:
0
----------------------------------------------------
No local changes to save
HEAD is now at e4cf973... * gcj.texi (Strings): Fix documentation for JvNewString.
[32m[     info][0m Current commit [e4cf973] is bad. Return value: 1

Bisecting: 69 revisions left to test after this (roughly 6 steps)
[ea6244280b016b12843432c1381a2a9064f60d00] * gnu/classpath/jdwp/natVMVirtualMachine.cc         (getAllClassMethods): Move error handling to ...         (throw_jvmti_error): ... here.         (jdwpClassPrepareCB): New function.         (jdwpThreadEndCB): New function.         (jdwpThreadStartCB): New function.         (jdwpVMDeathCB): New function.         (jdwpVMInitCB): Define and enable callbacks for         ClassPrepare, ThreadEnd, ThreadStart, and VMDeath.
running /tmp/deduplication/scripts/r_wrongcode_gcc.sh /tmp/deduplication/benchmarks/gcc430/tc0376 small
[32m[     info][0m Testing commit: [ea62442]
+---------------------------------------- Current commit hash: [ea62442] ----------------------------------------+
GCC for commit [ea62442] already exists. Using existing binary.
------------------Current output:-------------------
Ground truth:
0
Output of /tmp/gcc-ea62442/bin/gcc with -O1:
0
Output of /tmp/gcc-ea62442/bin/gcc with -O0:
0
----------------------------------------------------
No local changes to save
HEAD is now at ea62442... * gnu/classpath/jdwp/natVMVirtualMachine.cc         (getAllClassMethods): Move error handling to ...         (throw_jvmti_error): ... here.         (jdwpClassPrepareCB): New function.         (jdwpThreadEndCB): New function.         (jdwpThreadStartCB): New function.         (jdwpVMDeathCB): New function.         (jdwpVMInitCB): Define and enable callbacks for         ClassPrepare, ThreadEnd, ThreadStart, and VMDeath.
[32m[     info][0m Current commit [ea62442] is good. Return value: 0

Bisecting: 34 revisions left to test after this (roughly 5 steps)
[48e540b04f64910218cc702d0e05760e2eb1ef44] re PR tree-optimization/30630 (Trunk GCC hangs while compiling cpu2k6/perlbench at -O2)
running /tmp/deduplication/scripts/r_wrongcode_gcc.sh /tmp/deduplication/benchmarks/gcc430/tc0376 small
[32m[     info][0m Testing commit: [48e540b]
+---------------------------------------- Current commit hash: [48e540b] ----------------------------------------+
GCC for commit [48e540b] already exists. Using existing binary.
------------------Current output:-------------------
Ground truth:
0
Output of /tmp/gcc-48e540b/bin/gcc with -O1:
0
Output of /tmp/gcc-48e540b/bin/gcc with -O0:
0
----------------------------------------------------
No local changes to save
HEAD is now at 48e540b... re PR tree-optimization/30630 (Trunk GCC hangs while compiling cpu2k6/perlbench at -O2)
[32m[     info][0m Current commit [48e540b] is good. Return value: 0

Bisecting: 17 revisions left to test after this (roughly 4 steps)
[d9a66f98c1cd94c9cba4ba54bf07e39df92614fb] decExcept.c: New.
running /tmp/deduplication/scripts/r_wrongcode_gcc.sh /tmp/deduplication/benchmarks/gcc430/tc0376 small
[32m[     info][0m Testing commit: [d9a66f9]
+---------------------------------------- Current commit hash: [d9a66f9] ----------------------------------------+
GCC for commit [d9a66f9] already exists. Using existing binary.
------------------Current output:-------------------
Ground truth:
0
Output of /tmp/gcc-d9a66f9/bin/gcc with -O1:
1
Output of /tmp/gcc-d9a66f9/bin/gcc with -O0:
0
----------------------------------------------------
No local changes to save
HEAD is now at d9a66f9... decExcept.c: New.
[32m[     info][0m Current commit [d9a66f9] is bad. Return value: 1

Bisecting: 8 revisions left to test after this (roughly 3 steps)
[456cc5cf65e65182129422f96925534dc8a20777] demangle.h: New cplus_demangle_print_callback...
running /tmp/deduplication/scripts/r_wrongcode_gcc.sh /tmp/deduplication/benchmarks/gcc430/tc0376 small
[32m[     info][0m Testing commit: [456cc5c]
+---------------------------------------- Current commit hash: [456cc5c] ----------------------------------------+
GCC for commit [456cc5c] already exists. Using existing binary.
------------------Current output:-------------------
Ground truth:
0
Output of /tmp/gcc-456cc5c/bin/gcc with -O1:
1
Output of /tmp/gcc-456cc5c/bin/gcc with -O0:
0
----------------------------------------------------
No local changes to save
HEAD is now at 456cc5c... demangle.h: New cplus_demangle_print_callback...
[32m[     info][0m Current commit [456cc5c] is bad. Return value: 1

Bisecting: 3 revisions left to test after this (roughly 2 steps)
[acb966f2c31b8b8d95275be6cc674577bf288100] Makefile.in: Rebuilt.
running /tmp/deduplication/scripts/r_wrongcode_gcc.sh /tmp/deduplication/benchmarks/gcc430/tc0376 small
[32m[     info][0m Testing commit: [acb966f]
+---------------------------------------- Current commit hash: [acb966f] ----------------------------------------+
GCC for commit [acb966f] already exists. Using existing binary.
------------------Current output:-------------------
Ground truth:
0
Output of /tmp/gcc-acb966f/bin/gcc with -O1:
0
Output of /tmp/gcc-acb966f/bin/gcc with -O0:
0
----------------------------------------------------
No local changes to save
HEAD is now at acb966f... Makefile.in: Rebuilt.
[32m[     info][0m Current commit [acb966f] is good. Return value: 0

Bisecting: 1 revision left to test after this (roughly 1 step)
[acd724f62a7599bec3e40cdc5a02f961f64358d3] configure, [...]: Rebuilt.
running /tmp/deduplication/scripts/r_wrongcode_gcc.sh /tmp/deduplication/benchmarks/gcc430/tc0376 small
[32m[     info][0m Testing commit: [acd724f]
+---------------------------------------- Current commit hash: [acd724f] ----------------------------------------+
GCC for commit [acd724f] already exists. Using existing binary.
------------------Current output:-------------------
Ground truth:
0
Output of /tmp/gcc-acd724f/bin/gcc with -O1:
0
Output of /tmp/gcc-acd724f/bin/gcc with -O0:
0
----------------------------------------------------
No local changes to save
HEAD is now at acd724f... configure, [...]: Rebuilt.
[32m[     info][0m Current commit [acd724f] is good. Return value: 0

Bisecting: 0 revisions left to test after this (roughly 0 steps)
[306219a28de461c81501a32d77d3e0b1cce832c8] tree.h (struct tree_memory_tag): Add aliases member.
running /tmp/deduplication/scripts/r_wrongcode_gcc.sh /tmp/deduplication/benchmarks/gcc430/tc0376 small
[32m[     info][0m Testing commit: [306219a]
+---------------------------------------- Current commit hash: [306219a] ----------------------------------------+
GCC for commit [306219a] already exists. Using existing binary.
------------------Current output:-------------------
Ground truth:
0
Output of /tmp/gcc-306219a/bin/gcc with -O1:
1
Output of /tmp/gcc-306219a/bin/gcc with -O0:
0
----------------------------------------------------
No local changes to save
HEAD is now at 306219a... tree.h (struct tree_memory_tag): Add aliases member.
[32m[     info][0m Current commit [306219a] is bad. Return value: 1

306219a28de461c81501a32d77d3e0b1cce832c8 is the first bad commit
commit 306219a28de461c81501a32d77d3e0b1cce832c8
Author: Daniel Berlin <dberlin@dberlin.org>
Date:   Mon Jan 29 19:38:00 2007 +0000

    tree.h (struct tree_memory_tag): Add aliases member.
    
    2007-01-28  Daniel Berlin  <dberlin@dberlin.org>
    
    	* tree.h (struct tree_memory_tag): Add aliases member.
    	(MTAG_ALIASES): New macro.
    	* tree-ssa-alias.c (alias_bitmap_obstack): New variable.
    	(add_may_alias): Remove pointer-set. Update for may_aliases being
    	a bitmap.
    	(mark_aliases_call_clobbered): Update for may_aliases being a
    	bitmap.
    	(compute_tag_properties): Ditto.
    	(create_partition_for): Ditto.
    	(compute_memory_partitions): Ditto.
    	(dump_may_aliases_for): Ditto.
    	(is_aliased_with): Ditto.
    	(add_may_alias_for_new_tag): Ditto.
    	(rewrite_alias_set_for): Rewrite for may_aliases being a bitmap.
    	(compute_is_aliased): New function.
    	(compute_may_aliases): Call compute_is_aliased).
    	(init_alias_info): Initialize alias_bitmap_obstack.
    	(union_alias_set_into): New function.
    	(compute_flow_sensitive_aliasing): Use union_aliases_into.
    	(have_common_aliases_p): Rewrite to take two bitmaps and use
    	intersection.
    	(compute_flow_insensitive_aliasing): Stop using pointer-sets.
    	Update for bitmaps.
    	(finalize_ref_all_pointers): Update for add_may_alias changes.
    	(new_type_alias): Ditto.
    	* tree-flow-inline.h (may_aliases): Return a bitmap.
    	* tree-dfa.c (dump_variable): Check for MTAG_P'ness.
    	* tree-ssa.c (verify_flow_insensitive_alias_info): Update for
    	may_aliases being a bitmap.
    	* tree-flow.h (struct var_ann_d): Remove may_aliases member.
    	may_aliases now returns a bitmap.
    	* tree-ssa-structalias.c (merge_smts_into): Update for may_aliases
    	being a bitmap.
    	* tree-ssa-operands.c (add_virtual_operand): Update for
    	may_aliases being a bitmap.
    
    From-SVN: r121302

:040000 040000 d6794b664889719827b33975e9c313768617d459 4e62cb95f2f20d86dba83610a498e54e5751a683 M	gcc
bisect run success
[32m[     info][0m First bad commit: 306219a tree.h (struct tree_memory_tag): Add aliases member.
Previous HEAD position was 306219a... tree.h (struct tree_memory_tag): Add aliases member.
HEAD is now at 870aa1e... re PR middle-end/30322 (((-i-1) + i) +1) is turned into ~i + (i+1) and never into 0 on the tree level)

[32m[     info][0m Checking the result...
=========================================================================================================================
[32m[     info][0m Testing commit: [306219a]
+---------------------------------------- Current commit hash: [306219a] ----------------------------------------+
GCC for commit [306219a] already exists. Using existing binary.
------------------Current output:-------------------
Ground truth:
0
Output of /tmp/gcc-306219a/bin/gcc with -O1:
1
Output of /tmp/gcc-306219a/bin/gcc with -O0:
0
----------------------------------------------------
No local changes to save
HEAD is now at 306219a... tree.h (struct tree_memory_tag): Add aliases member.
[32m[     info][0m Current commit [306219a] is bad. Return value: 1

[32m[     info][0m Testing commit: [acd724f]
+---------------------------------------- Current commit hash: [acd724f] ----------------------------------------+
GCC for commit [acd724f] already exists. Using existing binary.
------------------Current output:-------------------
Ground truth:
0
Output of /tmp/gcc-acd724f/bin/gcc with -O1:
0
Output of /tmp/gcc-acd724f/bin/gcc with -O0:
0
----------------------------------------------------
No local changes to save
HEAD is now at acd724f... configure, [...]: Rebuilt.
[32m[     info][0m Current commit [acd724f] is good. Return value: 0

[32m[     info][0m Bisection result is correct.
=========================================================================================================================

[32m[     info][0m Getting extra information...
=========================================================================================================================
Output of gcc [306219a] with -O0:
0
Output of gcc [306219a] with -O1:
1
Output of gcc [306219a] with -O2:
1
Output of gcc [306219a] with -O3:
1
Output of gcc [306219a] with -Os:
1
[32m[     info][0m Got extra information.
=========================================================================================================================
[32m[     info][0m Bisection done.
